Log file open, 08/01/19 11:02:40
LogConsoleResponse: Display: Failed to find resolution value strings in scalability ini. Falling back to default.
LogInit: Display: Running engine for game: Verano_tecnologico
LogPakFile: Registered encryption key '00000000000000000000000000000000': 0 pak files mounted, 0 remain pending
LogPlatformFile: Not using cached read wrapper
LogTaskGraph: Started task graph with 5 named threads and 14 total threads with 3 sets of task threads.
LogStats: Stats thread started at 0.067384
LogICUInternationalization: ICU TimeZone Detection - Raw Offset: +0:00, Platform Override: ''
LogPluginManager: Mounting plugin VariantManagerContent
LogPluginManager: Mounting plugin DatasmithContent
LogPluginManager: Mounting plugin UdpMessaging
LogPluginManager: Mounting plugin TcpMessaging
LogPluginManager: Mounting plugin CharacterAI
LogPluginManager: Mounting plugin AppleImageUtils
LogPluginManager: Mounting plugin ProxyLODPlugin
LogPluginManager: Mounting plugin BackChannel
LogPluginManager: Mounting plugin SkeletalReduction
LogPluginManager: Mounting plugin AlembicImporter
LogPluginManager: Mounting plugin GeometryCache
LogPluginManager: Mounting plugin AppleVision
LogPluginManager: Mounting plugin HTML5Networking
LogPluginManager: Mounting plugin SpeedTreeImporter
LogPluginManager: Mounting plugin DataValidation
LogPluginManager: Mounting plugin AssetManagerEditor
LogPluginManager: Mounting plugin PluginBrowser
LogPluginManager: Mounting plugin CryptoKeys
LogPluginManager: Mounting plugin MaterialAnalyzer
LogPluginManager: Mounting plugin MobileLauncherProfileWizard
LogPluginManager: Mounting plugin FacialAnimation
LogPluginManager: Mounting plugin GameplayTagsEditor
LogPluginManager: Mounting plugin MacGraphicsSwitching
LogPluginManager: Mounting plugin LightPropagationVolume
LogPluginManager: Mounting plugin OnlineSubsystem
LogPluginManager: Mounting plugin OnlineSubsystemNull
LogPluginManager: Mounting plugin OnlineSubsystemGooglePlay
LogPluginManager: Mounting plugin OnlineSubsystemIOS
LogPluginManager: Mounting plugin OnlineSubsystemUtils
LogPluginManager: Mounting plugin MagicLeap
LogPluginManager: Mounting plugin MagicLeapMedia
LogPluginManager: Mounting plugin LauncherChunkInstaller
LogPluginManager: Mounting plugin Paper2D
LogPluginManager: Mounting plugin GitSourceControl
LogPluginManager: Mounting plugin CodeLiteSourceCodeAccess
LogPluginManager: Mounting plugin SubversionSourceControl
LogPluginManager: Mounting plugin VisualStudioCodeSourceCodeAccess
LogPluginManager: Mounting plugin ActorLayerUtilities
LogPluginManager: Mounting plugin VisualStudioSourceCodeAccess
LogPluginManager: Mounting plugin CLionSourceCodeAccess
LogPluginManager: Mounting plugin PerforceSourceControl
LogPluginManager: Mounting plugin AnimationSharing
LogPluginManager: Mounting plugin NullSourceCodeAccess
LogPluginManager: Mounting plugin XCodeSourceCodeAccess
LogPluginManager: Mounting plugin UObjectPlugin
LogPluginManager: Mounting plugin KDevelopSourceCodeAccess
LogPluginManager: Mounting plugin ActorSequence
LogPluginManager: Mounting plugin MatineeToLevelSequence
LogPluginManager: Mounting plugin LevelSequenceEditor
LogPluginManager: Mounting plugin AndroidMedia
LogPluginManager: Mounting plugin AvfMedia
LogPluginManager: Mounting plugin MediaPlayerEditor
LogPluginManager: Mounting plugin WmfMedia
LogPluginManager: Mounting plugin LinearTimecode
LogPluginManager: Mounting plugin MediaCompositing
LogPluginManager: Mounting plugin WebMMedia
LogPluginManager: Mounting plugin ImgMedia
LogPluginManager: Mounting plugin NUTUnrealEngine4
LogPluginManager: Mounting plugin NetcodeUnitTest
LogPluginManager: Mounting plugin AISupport
LogPluginManager: Mounting plugin SteamVR
LogPluginManager: Mounting plugin Firebase
LogPluginManager: Mounting plugin LocationServicesBPLibrary
LogPluginManager: Mounting plugin ArchVisCharacter
LogPluginManager: Mounting plugin GoogleCloudMessaging
LogPluginManager: Mounting plugin MobilePatchingUtils
LogPluginManager: Mounting plugin AppleMoviePlayer
LogPluginManager: Mounting plugin CustomMeshComponent
LogPluginManager: Mounting plugin LinuxDeviceProfileSelector
LogPluginManager: Mounting plugin AudioCapture
LogPluginManager: Mounting plugin OculusVR
LogPluginManager: Mounting plugin WindowsMoviePlayer
LogPluginManager: Mounting plugin IOSDeviceProfileSelector
LogPluginManager: Mounting plugin AndroidPermission
LogPluginManager: Mounting plugin EditableMesh
LogPluginManager: Mounting plugin ExampleDeviceProfileSelector
LogPluginManager: Mounting plugin AndroidDeviceProfileSelector
LogPluginManager: Mounting plugin AndroidMoviePlayer
LogPluginManager: Mounting plugin PhysXVehicles
LogPluginManager: Mounting plugin SignificanceManager
LogPluginManager: Mounting plugin WebMMoviePlayer
LogPluginManager: Mounting plugin CableComponent
LogPluginManager: Mounting plugin ProceduralMeshComponent
LogPluginManager: Mounting plugin RuntimePhysXCooking
LogInit: Using libcurl 7.48.0-DEV
LogInit:  - built for x86_64-unknown-linux-gnu
LogInit:  - supports SSL with OpenSSL/1.0.2h
LogInit:  - supports HTTP deflate (compression) using libz 1.2.8
LogInit:  - other features:
LogInit:      CURL_VERSION_SSL
LogInit:      CURL_VERSION_LIBZ
LogInit:      CURL_VERSION_IPV6
LogInit:      CURL_VERSION_ASYNCHDNS
LogInit:      CURL_VERSION_LARGEFILE
LogInit:      CURL_VERSION_TLSAUTH_SRP
LogInit:  CurlRequestOptions (configurable via config and command line):
LogInit:  - bVerifyPeer = true  - Libcurl will verify peer certificate
LogInit:  - bUseHttpProxy = false  - Libcurl will NOT use HTTP proxy
LogInit:  - bDontReuseConnections = false  - Libcurl will reuse connections
LogInit:  - MaxHostConnections = 16  - Libcurl will limit the number of connections to a host
LogInit:  - LocalHostAddr = Default
LogInit:  - BufferSize = 65536
LogInit: Build: ++UE4+Release-4.22-CL-0
LogInit: Engine Version: 4.22.3-0+++UE4+Release-4.22
LogInit: Compatible Engine Version: 4.22.0-0+++UE4+Release-4.22
LogInit: Net CL: 0
LogInit: OS: GenericOSVersionLabel (GenericOSSubVersionLabel), CPU: Intel(R) Core(TM) i7-8550U CPU @ 1.80GHz, GPU: GenericGPUBrand
LogInit: Compiled (64-bit): Jul 31 2019 22:42:31
LogInit: Compiled with Clang: 7.0.1 (tags/RELEASE_701/final)
LogInit: Build Configuration: Development
LogInit: Branch Name: ++UE4+Release-4.22
LogInit: Command Line: 
LogInit: Base Directory: /home/jorge/Descargas/Paquetes/UnrealEngine/Engine/Binaries/Linux/
LogInit: Installed Engine Build: 0
LogDevObjectVersion: Number of dev versions registered: 23
LogDevObjectVersion:   Dev-Blueprints (B0D832E4-1F89-4F0D-ACCF-7EB736FD4AA2): 10
LogDevObjectVersion:   Dev-Build (E1C64328-A22C-4D53-A36C-8E866417BD8C): 0
LogDevObjectVersion:   Dev-Core (375EC13C-06E4-48FB-B500-84F0262A717E): 3
LogDevObjectVersion:   Dev-Editor (E4B068ED-F494-42E9-A231-DA0B2E46BB41): 30
LogDevObjectVersion:   Dev-Framework (CFFC743F-43B0-4480-9391-14DF171D2073): 35
LogDevObjectVersion:   Dev-Mobile (B02B49B5-BB20-44E9-A304-32B752E40360): 2
LogDevObjectVersion:   Dev-Networking (A4E4105C-59A1-49B5-A7C5-40C4547EDFEE): 0
LogDevObjectVersion:   Dev-Online (39C831C9-5AE6-47DC-9A44-9C173E1C8E7C): 0
LogDevObjectVersion:   Dev-Physics (78F01B33-EBEA-4F98-B9B4-84EACCB95AA2): 0
LogDevObjectVersion:   Dev-Platform (6631380F-2D4D-43E0-8009-CF276956A95A): 0
LogDevObjectVersion:   Dev-Rendering (12F88B9F-8875-4AFC-A67C-D90C383ABD29): 28
LogDevObjectVersion:   Dev-Sequencer (7B5AE74C-D270-4C10-A958-57980B212A5A): 11
LogDevObjectVersion:   Dev-VR (D7296918-1DD6-4BDD-9DE2-64A83CC13884): 2
LogDevObjectVersion:   Dev-LoadTimes (C2A15278-BFE7-4AFE-6C17-90FF531DF755): 1
LogDevObjectVersion:   Private-Geometry (6EACA3D4-40EC-4CC1-B786-8BED09428FC5): 3
LogDevObjectVersion:   Dev-AnimPhys (29E575DD-E0A3-4627-9D10-D276232CDCEA): 17
LogDevObjectVersion:   Dev-Anim (AF43A65D-7FD3-4947-9873-3E8ED9C1BB05): 2
LogDevObjectVersion:   Dev-ReflectionCapture (6B266CEC-1EC7-4B8F-A30B-E4D90942FC07): 1
LogDevObjectVersion:   Dev-Automation (0DF73D61-A23F-47EA-B727-89E90C41499A): 1
LogDevObjectVersion:   FortniteMain (601D1886-AC64-4F84-AA16-D3DE0DEAC7D6): 25
LogDevObjectVersion:   Dev-Enterprise (9DFFBCD6-494F-0158-E221-12823C92A888): 6
LogDevObjectVersion:   Dev-Niagara (F2AED0AC-9AFE-416F-8664-AA7FFA26D6FC): 1
LogDevObjectVersion:   Dev-Destruction (174F1F0B-B4C6-45A5-B13F-2EE8D0FB917D): 2
LogInit: Presizing for max 16777216 objects, including 0 objects not considered by GC, pre-allocating 0 bytes for permanent pool.
LogInit: Object subsystem initialized
LogConfig: Setting CVar [[con.DebugEarlyDefault:1]]
LogConfig: Setting CVar [[r.setres:1280x720]]
[2019.08.01-16.02.41:730][  0]LogConfig: Setting CVar [[r.VSync:0]]
[2019.08.01-16.02.41:730][  0]LogConfig: Setting CVar [[r.RHICmdBypass:1]]
[2019.08.01-16.02.41:730][  0]LogConfig: Applying CVar settings from Section [/Script/Engine.RendererSettings] File [/home/jorge/MisCursos/MiDiosGitHub/VeranoTecnologico/UE4_Verano_tecnologico 4.22/Saved/Config/Linux/Engine.ini]
[2019.08.01-16.02.41:730][  0]LogConfig: Setting CVar [[r.GPUCrashDebugging:0]]
[2019.08.01-16.02.41:730][  0]LogConfig: Setting CVar [[r.DefaultFeature.AutoExposure.ExtendDefaultLuminanceRange:1]]
[2019.08.01-16.02.41:730][  0]LogConfig: Applying CVar settings from Section [/Script/Engine.RendererOverrideSettings] File [/home/jorge/MisCursos/MiDiosGitHub/VeranoTecnologico/UE4_Verano_tecnologico 4.22/Saved/Config/Linux/Engine.ini]
[2019.08.01-16.02.41:730][  0]LogConfig: Applying CVar settings from Section [/Script/Engine.StreamingSettings] File [/home/jorge/MisCursos/MiDiosGitHub/VeranoTecnologico/UE4_Verano_tecnologico 4.22/Saved/Config/Linux/Engine.ini]
[2019.08.01-16.02.41:730][  0]LogConfig: Setting CVar [[s.MinBulkDataSizeForAsyncLoading:131072]]
[2019.08.01-16.02.41:730][  0]LogConfig: Setting CVar [[s.AsyncLoadingThreadEnabled:0]]
[2019.08.01-16.02.41:730][  0]LogConfig: Setting CVar [[s.EventDrivenLoaderEnabled:1]]
[2019.08.01-16.02.41:730][  0]LogConfig: Setting CVar [[s.WarnIfTimeLimitExceeded:0]]
[2019.08.01-16.02.41:730][  0]LogConfig: Setting CVar [[s.TimeLimitExceededMultiplier:1.5]]
[2019.08.01-16.02.41:730][  0]LogConfig: Setting CVar [[s.TimeLimitExceededMinTime:0.005]]
[2019.08.01-16.02.41:730][  0]LogConfig: Setting CVar [[s.UseBackgroundLevelStreaming:1]]
[2019.08.01-16.02.41:730][  0]LogConfig: Setting CVar [[s.PriorityAsyncLoadingExtraTime:15.0]]
[2019.08.01-16.02.41:730][  0]LogConfig: Setting CVar [[s.LevelStreamingActorsUpdateTimeLimit:5.0]]
[2019.08.01-16.02.41:730][  0]LogConfig: Setting CVar [[s.PriorityLevelStreamingActorsUpdateExtraTime:5.0]]
[2019.08.01-16.02.41:730][  0]LogConfig: Setting CVar [[s.LevelStreamingComponentsRegistrationGranularity:10]]
[2019.08.01-16.02.41:730][  0]LogConfig: Setting CVar [[s.UnregisterComponentsTimeLimit:1.0]]
[2019.08.01-16.02.41:730][  0]LogConfig: Setting CVar [[s.LevelStreamingComponentsUnregistrationGranularity:5]]
[2019.08.01-16.02.41:730][  0]LogConfig: Applying CVar settings from Section [/Script/Engine.GarbageCollectionSettings] File [/home/jorge/MisCursos/MiDiosGitHub/VeranoTecnologico/UE4_Verano_tecnologico 4.22/Saved/Config/Linux/Engine.ini]
[2019.08.01-16.02.41:730][  0]LogConfig: Setting CVar [[gc.MaxObjectsNotConsideredByGC:1]]
[2019.08.01-16.02.41:730][  0]LogConfig: Setting CVar [[gc.SizeOfPermanentObjectPool:0]]
[2019.08.01-16.02.41:730][  0]LogConfig: Setting CVar [[gc.FlushStreamingOnGC:0]]
[2019.08.01-16.02.41:730][  0]LogConfig: Setting CVar [[gc.NumRetriesBeforeForcingGC:10]]
[2019.08.01-16.02.41:730][  0]LogConfig: Setting CVar [[gc.AllowParallelGC:1]]
[2019.08.01-16.02.41:730][  0]LogConfig: Setting CVar [[gc.TimeBetweenPurgingPendingKillObjects:61.1]]
[2019.08.01-16.02.41:730][  0]LogConfig: Setting CVar [[gc.MaxObjectsInEditor:16777216]]
[2019.08.01-16.02.41:730][  0]LogConfig: Setting CVar [[gc.IncrementalBeginDestroyEnabled:1]]
[2019.08.01-16.02.41:731][  0]LogConfig: Setting CVar [[gc.CreateGCClusters:1]]
[2019.08.01-16.02.41:731][  0]LogConfig: Setting CVar [[gc.MinGCClusterSize:5]]
[2019.08.01-16.02.41:731][  0]LogConfig: Setting CVar [[gc.ActorClusteringEnabled:0]]
[2019.08.01-16.02.41:731][  0]LogConfig: Setting CVar [[gc.BlueprintClusteringEnabled:0]]
[2019.08.01-16.02.41:731][  0]LogConfig: Setting CVar [[gc.UseDisregardForGCOnDedicatedServers:0]]
[2019.08.01-16.02.41:731][  0]LogConfig: Applying CVar settings from Section [/Script/Engine.NetworkSettings] File [/home/jorge/MisCursos/MiDiosGitHub/VeranoTecnologico/UE4_Verano_tecnologico 4.22/Saved/Config/Linux/Engine.ini]
[2019.08.01-16.02.41:731][  0]LogConfig: Applying CVar settings from Section [/Script/UnrealEd.CookerSettings] File [/home/jorge/MisCursos/MiDiosGitHub/VeranoTecnologico/UE4_Verano_tecnologico 4.22/Saved/Config/Linux/Engine.ini]
[2019.08.01-16.02.41:731][  0]LogInit: Initializing SDL.
[2019.08.01-16.02.41:763][  0]LogInit: Initialized SDL 2.0.8 revision: 11184 (hg-12121:4358e537000a with EpicExtensions) (compiled against 2.0.8)
[2019.08.01-16.02.41:763][  0]LogInit: Using SDL video driver 'x11'
[2019.08.01-16.02.41:788][  0]LogInit: Display metrics:
[2019.08.01-16.02.41:788][  0]LogInit:   PrimaryDisplayWidth: 1920
[2019.08.01-16.02.41:788][  0]LogInit:   PrimaryDisplayHeight: 1080
[2019.08.01-16.02.41:788][  0]LogInit:   PrimaryDisplayWorkAreaRect:
[2019.08.01-16.02.41:788][  0]LogInit:     Left=0, Top=27, Right=1920, Bottom=1080
[2019.08.01-16.02.41:788][  0]LogInit:   VirtualDisplayRect:
[2019.08.01-16.02.41:788][  0]LogInit:     Left=0, Top=27, Right=1920, Bottom=1080
[2019.08.01-16.02.41:788][  0]LogInit:   TitleSafePaddingSize: X=0.000 Y=0.000 Z=0.000 W=0.000
[2019.08.01-16.02.41:788][  0]LogInit:   ActionSafePaddingSize: X=0.000 Y=0.000 Z=0.000 W=0.000
[2019.08.01-16.02.41:788][  0]LogInit:   Number of monitors: 1
[2019.08.01-16.02.41:788][  0]LogInit:     Monitor 0
[2019.08.01-16.02.41:788][  0]LogInit:       Name: 0
[2019.08.01-16.02.41:788][  0]LogInit:       ID: display0
[2019.08.01-16.02.41:788][  0]LogInit:       NativeWidth: 1920
[2019.08.01-16.02.41:789][  0]LogInit:       NativeHeight: 1080
[2019.08.01-16.02.41:789][  0]LogInit:       bIsPrimary: true
[2019.08.01-16.02.41:789][  0]LogConfig: Applying CVar settings from Section [ViewDistanceQuality@3] File [/home/jorge/MisCursos/MiDiosGitHub/VeranoTecnologico/UE4_Verano_tecnologico 4.22/Saved/Config/Linux/Scalability.ini]
[2019.08.01-16.02.41:789][  0]LogConfig: Setting CVar [[r.SkeletalMeshLODBias:0]]
[2019.08.01-16.02.41:789][  0]LogConfig: Setting CVar [[r.ViewDistanceScale:1.0]]
[2019.08.01-16.02.41:789][  0]LogConfig: Applying CVar settings from Section [AntiAliasingQuality@3] File [/home/jorge/MisCursos/MiDiosGitHub/VeranoTecnologico/UE4_Verano_tecnologico 4.22/Saved/Config/Linux/Scalability.ini]
[2019.08.01-16.02.41:789][  0]LogConfig: Setting CVar [[r.PostProcessAAQuality:4]]
[2019.08.01-16.02.41:789][  0]LogConfig: Applying CVar settings from Section [ShadowQuality@3] File [/home/jorge/MisCursos/MiDiosGitHub/VeranoTecnologico/UE4_Verano_tecnologico 4.22/Saved/Config/Linux/Scalability.ini]
[2019.08.01-16.02.41:789][  0]LogConfig: Setting CVar [[r.LightFunctionQuality:1]]
[2019.08.01-16.02.41:789][  0]LogConfig: Setting CVar [[r.ShadowQuality:5]]
[2019.08.01-16.02.41:789][  0]LogConfig: Setting CVar [[r.Shadow.CSM.MaxCascades:10]]
[2019.08.01-16.02.41:789][  0]LogConfig: Setting CVar [[r.Shadow.MaxResolution:2048]]
[2019.08.01-16.02.41:789][  0]LogConfig: Setting CVar [[r.Shadow.MaxCSMResolution:2048]]
[2019.08.01-16.02.41:789][  0]LogConfig: Setting CVar [[r.Shadow.RadiusThreshold:0.01]]
[2019.08.01-16.02.41:789][  0]LogConfig: Setting CVar [[r.Shadow.DistanceScale:1.0]]
[2019.08.01-16.02.41:789][  0]LogConfig: Setting CVar [[r.Shadow.CSM.TransitionScale:1.0]]
[2019.08.01-16.02.41:789][  0]LogConfig: Setting CVar [[r.Shadow.PreShadowResolutionFactor:1.0]]
[2019.08.01-16.02.41:789][  0]LogConfig: Setting CVar [[r.DistanceFieldShadowing:1]]
[2019.08.01-16.02.41:789][  0]LogConfig: Setting CVar [[r.DistanceFieldAO:1]]
[2019.08.01-16.02.41:789][  0]LogConfig: Setting CVar [[r.AOQuality:2]]
[2019.08.01-16.02.41:789][  0]LogConfig: Setting CVar [[r.VolumetricFog:1]]
[2019.08.01-16.02.41:789][  0]LogConfig: Setting CVar [[r.VolumetricFog.GridPixelSize:8]]
[2019.08.01-16.02.41:789][  0]LogConfig: Setting CVar [[r.VolumetricFog.GridSizeZ:128]]
[2019.08.01-16.02.41:789][  0]LogConfig: Setting CVar [[r.VolumetricFog.HistoryMissSupersampleCount:4]]
[2019.08.01-16.02.41:789][  0]LogConfig: Setting CVar [[r.LightMaxDrawDistanceScale:1]]
[2019.08.01-16.02.41:789][  0]LogConfig: Setting CVar [[r.CapsuleShadows:1]]
[2019.08.01-16.02.41:789][  0]LogConfig: Applying CVar settings from Section [PostProcessQuality@3] File [/home/jorge/MisCursos/MiDiosGitHub/VeranoTecnologico/UE4_Verano_tecnologico 4.22/Saved/Config/Linux/Scalability.ini]
[2019.08.01-16.02.41:789][  0]LogConfig: Setting CVar [[r.MotionBlurQuality:4]]
[2019.08.01-16.02.41:789][  0]LogConfig: Setting CVar [[r.AmbientOcclusionMipLevelFactor:0.4]]
[2019.08.01-16.02.41:789][  0]LogConfig: Setting CVar [[r.AmbientOcclusionMaxQuality:100]]
[2019.08.01-16.02.41:789][  0]LogConfig: Setting CVar [[r.AmbientOcclusionLevels:-1]]
[2019.08.01-16.02.41:789][  0]LogConfig: Setting CVar [[r.AmbientOcclusionRadiusScale:1.0]]
[2019.08.01-16.02.41:789][  0]LogConfig: Setting CVar [[r.DepthOfFieldQuality:2]]
[2019.08.01-16.02.41:789][  0]LogConfig: Setting CVar [[r.RenderTargetPoolMin:400]]
[2019.08.01-16.02.41:789][  0]LogConfig: Setting CVar [[r.LensFlareQuality:2]]
[2019.08.01-16.02.41:789][  0]LogConfig: Setting CVar [[r.SceneColorFringeQuality:1]]
[2019.08.01-16.02.41:789][  0]LogConfig: Setting CVar [[r.EyeAdaptationQuality:2]]
[2019.08.01-16.02.41:789][  0]LogConfig: Setting CVar [[r.BloomQuality:5]]
[2019.08.01-16.02.41:789][  0]LogConfig: Setting CVar [[r.FastBlurThreshold:100]]
[2019.08.01-16.02.41:789][  0]LogConfig: Setting CVar [[r.Upscale.Quality:3]]
[2019.08.01-16.02.41:789][  0]LogConfig: Setting CVar [[r.Tonemapper.GrainQuantization:1]]
[2019.08.01-16.02.41:789][  0]LogConfig: Setting CVar [[r.LightShaftQuality:1]]
[2019.08.01-16.02.41:789][  0]LogConfig: Setting CVar [[r.Filter.SizeScale:1]]
[2019.08.01-16.02.41:789][  0]LogConfig: Setting CVar [[r.Tonemapper.Quality:5]]
[2019.08.01-16.02.41:789][  0]LogConfig: Setting CVar [[r.DOF.Gather.AccumulatorQuality:1        ; higher gathering accumulator quality]]
[2019.08.01-16.02.41:789][  0]LogConfig: Setting CVar [[r.DOF.Gather.PostfilterMethod:1          ; Median3x3 postfilering method]]
[2019.08.01-16.02.41:789][  0]LogConfig: Setting CVar [[r.DOF.Gather.EnableBokehSettings:0       ; no bokeh simulation when gathering]]
[2019.08.01-16.02.41:789][  0]LogConfig: Setting CVar [[r.DOF.Gather.RingCount:4                 ; medium number of samples when gathering]]
[2019.08.01-16.02.41:789][  0]LogConfig: Setting CVar [[r.DOF.Scatter.ForegroundCompositing:1    ; additive foreground scattering]]
[2019.08.01-16.02.41:789][  0]LogConfig: Setting CVar [[r.DOF.Scatter.BackgroundCompositing:2    ; additive background scattering]]
[2019.08.01-16.02.41:789][  0]LogConfig: Setting CVar [[r.DOF.Scatter.EnableBokehSettings:1      ; bokeh simulation when scattering]]
[2019.08.01-16.02.41:790][  0]LogConfig: Setting CVar [[r.DOF.Scatter.MaxSpriteRatio:0.1         ; only a maximum of 10% of scattered bokeh]]
[2019.08.01-16.02.41:790][  0]LogConfig: Setting CVar [[r.DOF.Recombine.Quality:1                ; cheap slight out of focus]]
[2019.08.01-16.02.41:790][  0]LogConfig: Setting CVar [[r.DOF.Recombine.EnableBokehSettings:0    ; no bokeh simulation on slight out of focus]]
[2019.08.01-16.02.41:790][  0]LogConfig: Setting CVar [[r.DOF.TemporalAAQuality:1                ; more stable temporal accumulation]]
[2019.08.01-16.02.41:790][  0]LogConfig: Setting CVar [[r.DOF.Kernel.MaxForegroundRadius:0.025]]
[2019.08.01-16.02.41:790][  0]LogConfig: Setting CVar [[r.DOF.Kernel.MaxBackgroundRadius:0.025]]
[2019.08.01-16.02.41:790][  0]LogConfig: Applying CVar settings from Section [TextureQuality@3] File [/home/jorge/MisCursos/MiDiosGitHub/VeranoTecnologico/UE4_Verano_tecnologico 4.22/Saved/Config/Linux/Scalability.ini]
[2019.08.01-16.02.41:790][  0]LogConfig: Setting CVar [[r.Streaming.MipBias:0]]
[2019.08.01-16.02.41:790][  0]LogConfig: Setting CVar [[r.Streaming.AmortizeCPUToGPUCopy:0]]
[2019.08.01-16.02.41:790][  0]LogConfig: Setting CVar [[r.Streaming.MaxNumTexturesToStreamPerFrame:0]]
[2019.08.01-16.02.41:790][  0]LogConfig: Setting CVar [[r.Streaming.Boost:1]]
[2019.08.01-16.02.41:790][  0]LogConfig: Setting CVar [[r.MaxAnisotropy:8]]
[2019.08.01-16.02.41:790][  0]LogConfig: Setting CVar [[r.Streaming.LimitPoolSizeToVRAM:0]]
[2019.08.01-16.02.41:790][  0]LogConfig: Setting CVar [[r.Streaming.PoolSize:1000]]
[2019.08.01-16.02.41:790][  0]LogConfig: Setting CVar [[r.Streaming.MaxEffectiveScreenSize:0]]
[2019.08.01-16.02.41:790][  0]LogConfig: Applying CVar settings from Section [EffectsQuality@3] File [/home/jorge/MisCursos/MiDiosGitHub/VeranoTecnologico/UE4_Verano_tecnologico 4.22/Saved/Config/Linux/Scalability.ini]
[2019.08.01-16.02.41:790][  0]LogConfig: Setting CVar [[r.TranslucencyLightingVolumeDim:64]]
[2019.08.01-16.02.41:790][  0]LogConfig: Setting CVar [[r.RefractionQuality:2]]
[2019.08.01-16.02.41:790][  0]LogConfig: Setting CVar [[r.SSR.Quality:3]]
[2019.08.01-16.02.41:790][  0]LogConfig: Setting CVar [[r.SceneColorFormat:4]]
[2019.08.01-16.02.41:790][  0]LogConfig: Setting CVar [[r.DetailMode:2]]
[2019.08.01-16.02.41:790][  0]LogConfig: Setting CVar [[r.TranslucencyVolumeBlur:1]]
[2019.08.01-16.02.41:790][  0]LogConfig: Setting CVar [[r.MaterialQualityLevel:1 ; High quality]]
[2019.08.01-16.02.41:790][  0]LogConfig: Setting CVar [[r.SSS.Scale:1]]
[2019.08.01-16.02.41:790][  0]LogConfig: Setting CVar [[r.SSS.SampleSet:2]]
[2019.08.01-16.02.41:790][  0]LogConfig: Setting CVar [[r.SSS.Quality:1]]
[2019.08.01-16.02.41:790][  0]LogConfig: Setting CVar [[r.SSS.HalfRes:1]]
[2019.08.01-16.02.41:790][  0]LogConfig: Setting CVar [[r.EmitterSpawnRateScale:1.0]]
[2019.08.01-16.02.41:790][  0]LogConfig: Setting CVar [[r.ParticleLightQuality:2]]
[2019.08.01-16.02.41:790][  0]LogConfig: Applying CVar settings from Section [FoliageQuality@3] File [/home/jorge/MisCursos/MiDiosGitHub/VeranoTecnologico/UE4_Verano_tecnologico 4.22/Saved/Config/Linux/Scalability.ini]
[2019.08.01-16.02.41:790][  0]LogConfig: Setting CVar [[foliage.DensityScale:1.0]]
[2019.08.01-16.02.41:790][  0]LogConfig: Setting CVar [[grass.DensityScale:1.0]]
[2019.08.01-16.02.41:790][  0]LogLinux: Selected Device Profile: [Linux]
[2019.08.01-16.02.41:790][  0]LogInit: Applying CVar settings loaded from the selected device profile: [Linux]
[2019.08.01-16.02.41:801][  0]LogHAL: Display: Platform has ~ 4 GB [8123019264 / 4294967296 / 8], which maps to Smallest [LargestMinGB=32, LargerMinGB=12, DefaultMinGB=8, SmallerMinGB=6, SmallestMinGB=0)
[2019.08.01-16.02.41:801][  0]LogInit: Going up to parent DeviceProfile []
[2019.08.01-16.02.41:801][  0]LogConfig: Applying CVar settings from Section [ViewDistanceQuality@3] File [/home/jorge/MisCursos/MiDiosGitHub/VeranoTecnologico/UE4_Verano_tecnologico 4.22/Saved/Config/Linux/Scalability.ini]
[2019.08.01-16.02.41:801][  0]LogConfig: Setting CVar [[r.SkeletalMeshLODBias:0]]
[2019.08.01-16.02.41:801][  0]LogConfig: Setting CVar [[r.ViewDistanceScale:1.0]]
[2019.08.01-16.02.41:801][  0]LogConfig: Applying CVar settings from Section [AntiAliasingQuality@3] File [/home/jorge/MisCursos/MiDiosGitHub/VeranoTecnologico/UE4_Verano_tecnologico 4.22/Saved/Config/Linux/Scalability.ini]
[2019.08.01-16.02.41:801][  0]LogConfig: Setting CVar [[r.PostProcessAAQuality:4]]
[2019.08.01-16.02.41:801][  0]LogConfig: Applying CVar settings from Section [ShadowQuality@3] File [/home/jorge/MisCursos/MiDiosGitHub/VeranoTecnologico/UE4_Verano_tecnologico 4.22/Saved/Config/Linux/Scalability.ini]
[2019.08.01-16.02.41:801][  0]LogConfig: Setting CVar [[r.LightFunctionQuality:1]]
[2019.08.01-16.02.41:801][  0]LogConfig: Setting CVar [[r.ShadowQuality:5]]
[2019.08.01-16.02.41:801][  0]LogConfig: Setting CVar [[r.Shadow.CSM.MaxCascades:10]]
[2019.08.01-16.02.41:801][  0]LogConfig: Setting CVar [[r.Shadow.MaxResolution:2048]]
[2019.08.01-16.02.41:801][  0]LogConfig: Setting CVar [[r.Shadow.MaxCSMResolution:2048]]
[2019.08.01-16.02.41:801][  0]LogConfig: Setting CVar [[r.Shadow.RadiusThreshold:0.01]]
[2019.08.01-16.02.41:801][  0]LogConfig: Setting CVar [[r.Shadow.DistanceScale:1.0]]
[2019.08.01-16.02.41:801][  0]LogConfig: Setting CVar [[r.Shadow.CSM.TransitionScale:1.0]]
[2019.08.01-16.02.41:801][  0]LogConfig: Setting CVar [[r.Shadow.PreShadowResolutionFactor:1.0]]
[2019.08.01-16.02.41:801][  0]LogConfig: Setting CVar [[r.DistanceFieldShadowing:1]]
[2019.08.01-16.02.41:801][  0]LogConfig: Setting CVar [[r.DistanceFieldAO:1]]
[2019.08.01-16.02.41:801][  0]LogConfig: Setting CVar [[r.AOQuality:2]]
[2019.08.01-16.02.41:801][  0]LogConfig: Setting CVar [[r.VolumetricFog:1]]
[2019.08.01-16.02.41:801][  0]LogConfig: Setting CVar [[r.VolumetricFog.GridPixelSize:8]]
[2019.08.01-16.02.41:801][  0]LogConfig: Setting CVar [[r.VolumetricFog.GridSizeZ:128]]
[2019.08.01-16.02.41:801][  0]LogConfig: Setting CVar [[r.VolumetricFog.HistoryMissSupersampleCount:4]]
[2019.08.01-16.02.41:801][  0]LogConfig: Setting CVar [[r.LightMaxDrawDistanceScale:1]]
[2019.08.01-16.02.41:801][  0]LogConfig: Setting CVar [[r.CapsuleShadows:1]]
[2019.08.01-16.02.41:801][  0]LogConfig: Applying CVar settings from Section [PostProcessQuality@3] File [/home/jorge/MisCursos/MiDiosGitHub/VeranoTecnologico/UE4_Verano_tecnologico 4.22/Saved/Config/Linux/Scalability.ini]
[2019.08.01-16.02.41:801][  0]LogConfig: Setting CVar [[r.MotionBlurQuality:4]]
[2019.08.01-16.02.41:801][  0]LogConfig: Setting CVar [[r.AmbientOcclusionMipLevelFactor:0.4]]
[2019.08.01-16.02.41:801][  0]LogConfig: Setting CVar [[r.AmbientOcclusionMaxQuality:100]]
[2019.08.01-16.02.41:801][  0]LogConfig: Setting CVar [[r.AmbientOcclusionLevels:-1]]
[2019.08.01-16.02.41:801][  0]LogConfig: Setting CVar [[r.AmbientOcclusionRadiusScale:1.0]]
[2019.08.01-16.02.41:801][  0]LogConfig: Setting CVar [[r.DepthOfFieldQuality:2]]
[2019.08.01-16.02.41:801][  0]LogConfig: Setting CVar [[r.RenderTargetPoolMin:400]]
[2019.08.01-16.02.41:801][  0]LogConfig: Setting CVar [[r.LensFlareQuality:2]]
[2019.08.01-16.02.41:801][  0]LogConfig: Setting CVar [[r.SceneColorFringeQuality:1]]
[2019.08.01-16.02.41:801][  0]LogConfig: Setting CVar [[r.EyeAdaptationQuality:2]]
[2019.08.01-16.02.41:801][  0]LogConfig: Setting CVar [[r.BloomQuality:5]]
[2019.08.01-16.02.41:801][  0]LogConfig: Setting CVar [[r.FastBlurThreshold:100]]
[2019.08.01-16.02.41:801][  0]LogConfig: Setting CVar [[r.Upscale.Quality:3]]
[2019.08.01-16.02.41:801][  0]LogConfig: Setting CVar [[r.Tonemapper.GrainQuantization:1]]
[2019.08.01-16.02.41:801][  0]LogConfig: Setting CVar [[r.LightShaftQuality:1]]
[2019.08.01-16.02.41:801][  0]LogConfig: Setting CVar [[r.Filter.SizeScale:1]]
[2019.08.01-16.02.41:801][  0]LogConfig: Setting CVar [[r.Tonemapper.Quality:5]]
[2019.08.01-16.02.41:801][  0]LogConfig: Setting CVar [[r.DOF.Gather.AccumulatorQuality:1        ; higher gathering accumulator quality]]
[2019.08.01-16.02.41:801][  0]LogConfig: Setting CVar [[r.DOF.Gather.PostfilterMethod:1          ; Median3x3 postfilering method]]
[2019.08.01-16.02.41:801][  0]LogConfig: Setting CVar [[r.DOF.Gather.EnableBokehSettings:0       ; no bokeh simulation when gathering]]
[2019.08.01-16.02.41:801][  0]LogConfig: Setting CVar [[r.DOF.Gather.RingCount:4                 ; medium number of samples when gathering]]
[2019.08.01-16.02.41:801][  0]LogConfig: Setting CVar [[r.DOF.Scatter.ForegroundCompositing:1    ; additive foreground scattering]]
[2019.08.01-16.02.41:801][  0]LogConfig: Setting CVar [[r.DOF.Scatter.BackgroundCompositing:2    ; additive background scattering]]
[2019.08.01-16.02.41:801][  0]LogConfig: Setting CVar [[r.DOF.Scatter.EnableBokehSettings:1      ; bokeh simulation when scattering]]
[2019.08.01-16.02.41:801][  0]LogConfig: Setting CVar [[r.DOF.Scatter.MaxSpriteRatio:0.1         ; only a maximum of 10% of scattered bokeh]]
[2019.08.01-16.02.41:801][  0]LogConfig: Setting CVar [[r.DOF.Recombine.Quality:1                ; cheap slight out of focus]]
[2019.08.01-16.02.41:801][  0]LogConfig: Setting CVar [[r.DOF.Recombine.EnableBokehSettings:0    ; no bokeh simulation on slight out of focus]]
[2019.08.01-16.02.41:801][  0]LogConfig: Setting CVar [[r.DOF.TemporalAAQuality:1                ; more stable temporal accumulation]]
[2019.08.01-16.02.41:801][  0]LogConfig: Setting CVar [[r.DOF.Kernel.MaxForegroundRadius:0.025]]
[2019.08.01-16.02.41:801][  0]LogConfig: Setting CVar [[r.DOF.Kernel.MaxBackgroundRadius:0.025]]
[2019.08.01-16.02.41:801][  0]LogConfig: Applying CVar settings from Section [TextureQuality@3] File [/home/jorge/MisCursos/MiDiosGitHub/VeranoTecnologico/UE4_Verano_tecnologico 4.22/Saved/Config/Linux/Scalability.ini]
[2019.08.01-16.02.41:801][  0]LogConfig: Setting CVar [[r.Streaming.MipBias:0]]
[2019.08.01-16.02.41:801][  0]LogConfig: Setting CVar [[r.Streaming.AmortizeCPUToGPUCopy:0]]
[2019.08.01-16.02.41:801][  0]LogConfig: Setting CVar [[r.Streaming.MaxNumTexturesToStreamPerFrame:0]]
[2019.08.01-16.02.41:801][  0]LogConfig: Setting CVar [[r.Streaming.Boost:1]]
[2019.08.01-16.02.41:801][  0]LogConfig: Setting CVar [[r.MaxAnisotropy:8]]
[2019.08.01-16.02.41:801][  0]LogConfig: Setting CVar [[r.Streaming.LimitPoolSizeToVRAM:0]]
[2019.08.01-16.02.41:801][  0]LogConfig: Setting CVar [[r.Streaming.PoolSize:1000]]
[2019.08.01-16.02.41:801][  0]LogConfig: Setting CVar [[r.Streaming.MaxEffectiveScreenSize:0]]
[2019.08.01-16.02.41:801][  0]LogConfig: Applying CVar settings from Section [EffectsQuality@3] File [/home/jorge/MisCursos/MiDiosGitHub/VeranoTecnologico/UE4_Verano_tecnologico 4.22/Saved/Config/Linux/Scalability.ini]
[2019.08.01-16.02.41:801][  0]LogConfig: Setting CVar [[r.TranslucencyLightingVolumeDim:64]]
[2019.08.01-16.02.41:801][  0]LogConfig: Setting CVar [[r.RefractionQuality:2]]
[2019.08.01-16.02.41:801][  0]LogConfig: Setting CVar [[r.SSR.Quality:3]]
[2019.08.01-16.02.41:801][  0]LogConfig: Setting CVar [[r.SceneColorFormat:4]]
[2019.08.01-16.02.41:801][  0]LogConfig: Setting CVar [[r.DetailMode:2]]
[2019.08.01-16.02.41:801][  0]LogConfig: Setting CVar [[r.TranslucencyVolumeBlur:1]]
[2019.08.01-16.02.41:801][  0]LogConfig: Setting CVar [[r.MaterialQualityLevel:1 ; High quality]]
[2019.08.01-16.02.41:801][  0]LogConfig: Setting CVar [[r.SSS.Scale:1]]
[2019.08.01-16.02.41:801][  0]LogConfig: Setting CVar [[r.SSS.SampleSet:2]]
[2019.08.01-16.02.41:801][  0]LogConfig: Setting CVar [[r.SSS.Quality:1]]
[2019.08.01-16.02.41:801][  0]LogConfig: Setting CVar [[r.SSS.HalfRes:1]]
[2019.08.01-16.02.41:801][  0]LogConfig: Setting CVar [[r.EmitterSpawnRateScale:1.0]]
[2019.08.01-16.02.41:801][  0]LogConfig: Setting CVar [[r.ParticleLightQuality:2]]
[2019.08.01-16.02.41:801][  0]LogConfig: Applying CVar settings from Section [FoliageQuality@3] File [/home/jorge/MisCursos/MiDiosGitHub/VeranoTecnologico/UE4_Verano_tecnologico 4.22/Saved/Config/Linux/Scalability.ini]
[2019.08.01-16.02.41:801][  0]LogConfig: Setting CVar [[foliage.DensityScale:1.0]]
[2019.08.01-16.02.41:801][  0]LogConfig: Setting CVar [[grass.DensityScale:1.0]]
[2019.08.01-16.02.41:802][  0]LogConfig: Applying CVar settings from Section [Startup] File [../../../Engine/Config/ConsoleVariables.ini]
[2019.08.01-16.02.41:802][  0]LogConfig: Setting CVar [[net.UseAdaptiveNetUpdateFrequency:0]]
[2019.08.01-16.02.41:802][  0]LogConfig: Setting CVar [[p.chaos.AllowCreatePhysxBodies:1]]
[2019.08.01-16.02.41:802][  0]LogConfig: Applying CVar settings from Section [ConsoleVariables] File [/home/jorge/MisCursos/MiDiosGitHub/VeranoTecnologico/UE4_Verano_tecnologico 4.22/Saved/Config/Linux/Engine.ini]
[2019.08.01-16.02.41:802][  0]LogConfig: Setting CVar [[g.TimeoutForBlockOnRenderFence:60000]]
[2019.08.01-16.02.41:802][  0]LogInit: Unix hardware info:
[2019.08.01-16.02.41:802][  0]LogInit:  - we are the first instance of this executable
[2019.08.01-16.02.41:802][  0]LogInit:  - this process' id (pid) is 6633, parent process' id (ppid) is 1148
[2019.08.01-16.02.41:802][  0]LogInit:  - we are not running under debugger
[2019.08.01-16.02.41:802][  0]LogInit:  - machine network name is 'Forgis'
[2019.08.01-16.02.41:802][  0]LogInit:  - user name is 'jorge' (jorge)
[2019.08.01-16.02.41:802][  0]LogInit:  - we're logged in locally
[2019.08.01-16.02.41:802][  0]LogInit:  - we're running with rendering
[2019.08.01-16.02.41:802][  0]LogInit:  - CPU: GenuineIntel 'Intel(R) Core(TM) i7-8550U CPU @ 1.80GHz' (signature: 0x806EA)
[2019.08.01-16.02.41:802][  0]LogInit:  - Number of physical cores available for the process: 4
[2019.08.01-16.02.41:802][  0]LogInit:  - Number of logical cores available for the process: 8
[2019.08.01-16.02.41:802][  0]LogInit:  - Cache line size: 64
[2019.08.01-16.02.41:802][  0]LogInit:  - Memory allocator used: binned2
[2019.08.01-16.02.41:802][  0]LogInit:  - This binary is optimized with LTO: no, PGO: no, instrumented for PGO data collection: no
[2019.08.01-16.02.41:802][  0]LogCore: Benchmarking clocks:
[2019.08.01-16.02.41:802][  0]LogCore:  - CLOCK_MONOTONIC (id=1) can sustain 46820067 (46820K, 47M) calls per second without zero deltas.
[2019.08.01-16.02.41:802][  0]LogCore:  - CLOCK_MONOTONIC_RAW (id=4) can sustain 3306398 (3306K, 3M) calls per second without zero deltas.
[2019.08.01-16.02.41:802][  0]LogCore:  - CLOCK_MONOTONIC_COARSE (id=6) can sustain 178209655 (178210K, 178M) calls per second with 99.999854% zero deltas.
[2019.08.01-16.02.41:802][  0]LogCore: Selected clock_id 1 (CLOCK_MONOTONIC) since it is the fastest support clock without zero deltas.
[2019.08.01-16.02.41:802][  0]LogInit: Unix-specific commandline switches:
[2019.08.01-16.02.41:802][  0]LogInit:  -ansimalloc - use malloc()/free() from libc (useful for tools like valgrind and electric fence)
[2019.08.01-16.02.41:802][  0]LogInit:  -jemalloc - use jemalloc for all memory allocation
[2019.08.01-16.02.41:802][  0]LogInit:  -binnedmalloc - use binned malloc  for all memory allocation
[2019.08.01-16.02.41:802][  0]LogInit:  -filemapcachesize=NUMBER - set the size for case-sensitive file mapping cache
[2019.08.01-16.02.41:802][  0]LogInit:  -useksm - uses kernel same-page mapping (KSM) for mapped memory (OFF)
[2019.08.01-16.02.41:802][  0]LogInit:  -ksmmergeall - marks all mmap'd memory pages suitable for KSM (OFF)
[2019.08.01-16.02.41:802][  0]LogInit:  -preloadmodulesymbols - Loads the main module symbols file into memory (OFF)
[2019.08.01-16.02.41:802][  0]LogInit:  -sigdfl=SIGNAL - Allows a specific signal to be set to its default handler rather then ignoring the signal
[2019.08.01-16.02.41:802][  0]LogInit:  -httpproxy=ADDRESS:PORT - redirects HTTP requests to a proxy (only supported if compiled with libcurl)
[2019.08.01-16.02.41:802][  0]LogInit:  -reuseconn - allow libcurl to reuse HTTP connections (only matters if compiled with libcurl)
[2019.08.01-16.02.41:802][  0]LogInit:  -virtmemkb=NUMBER - sets process virtual memory (address space) limit (overrides VirtualMemoryLimitInKB value from .ini)
[2019.08.01-16.02.41:802][  0]LogInit:  - Physical RAM available (not considering process quota): 8 GB (7746 MB, 7932636 KB, 8123019264 bytes)
[2019.08.01-16.02.41:802][  0]LogInit:  - VirtualMemoryAllocator pools will grow at scale 1.4
[2019.08.01-16.02.41:802][  0]LogInit:  - MemoryRangeDecommit() will be a no-op (re-run with -vmapoolevict to change)
[2019.08.01-16.02.41:973][  0]LogInit: Using OS detected language (es-ES).
[2019.08.01-16.02.41:973][  0]LogInit: Using OS detected locale (es-ES).
[2019.08.01-16.02.41:974][  0]LogTextLocalizationManager: No specific localization for 'es-ES' exists, so the 'es' localization will be used.
[2019.08.01-16.02.42:124][  0]LogSlate: New Slate User Created.  User Index 0, Is Virtual User: 0
[2019.08.01-16.02.42:124][  0]LogSlate: Slate User Registered.  User Index 0, Is Virtual User: 0
[2019.08.01-16.02.42:889][  0]LogInit: Using SDL_WINDOW_OPENGL
[2019.08.01-16.02.42:897][  0]LogRHI: Initializing OpenGL RHI
[2019.08.01-16.02.42:897][  0]LogRHI:   GL_VENDOR: Intel Open Source Technology Center
[2019.08.01-16.02.42:897][  0]LogRHI:   GL_RENDERER: Mesa DRI Intel(R) Kabylake GT1.5 
[2019.08.01-16.02.42:897][  0]LogRHI:   GL_VERSION: 4.5 (Core Profile) Mesa 13.0.6
[2019.08.01-16.02.42:897][  0]LogRHI:   GL_SHADING_LANGUAGE_VERSION: 4.50
[2019.08.01-16.02.42:897][  0]LogRHI: OpenGL Extensions:
[2019.08.01-16.02.42:897][  0]LogRHI:   GL_3DFX_texture_compression_FXT1
[2019.08.01-16.02.42:897][  0]LogRHI:   GL_AMD_conservative_depth
[2019.08.01-16.02.42:897][  0]LogRHI:   GL_AMD_draw_buffers_blend
[2019.08.01-16.02.42:897][  0]LogRHI:   GL_AMD_seamless_cubemap_per_texture
[2019.08.01-16.02.42:897][  0]LogRHI:   GL_AMD_shader_stencil_export
[2019.08.01-16.02.42:897][  0]LogRHI:   GL_AMD_shader_trinary_minmax
[2019.08.01-16.02.42:897][  0]LogRHI:   GL_AMD_vertex_shader_layer
[2019.08.01-16.02.42:897][  0]LogRHI:   GL_AMD_vertex_shader_viewport_index
[2019.08.01-16.02.42:897][  0]LogRHI:   GL_ANGLE_texture_compression_dxt3
[2019.08.01-16.02.42:897][  0]LogRHI:   GL_ANGLE_texture_compression_dxt5
[2019.08.01-16.02.42:897][  0]LogRHI:   GL_APPLE_object_purgeable
[2019.08.01-16.02.42:897][  0]LogRHI:   GL_ARB_ES2_compatibility
[2019.08.01-16.02.42:897][  0]LogRHI:   GL_ARB_ES3_1_compatibility
[2019.08.01-16.02.42:897][  0]LogRHI:   GL_ARB_ES3_2_compatibility
[2019.08.01-16.02.42:897][  0]LogRHI:   GL_ARB_ES3_compatibility
[2019.08.01-16.02.42:897][  0]LogRHI:   GL_ARB_arrays_of_arrays
[2019.08.01-16.02.42:897][  0]LogRHI:   GL_ARB_base_instance
[2019.08.01-16.02.42:897][  0]LogRHI:   GL_ARB_blend_func_extended
[2019.08.01-16.02.42:897][  0]LogRHI:   GL_ARB_buffer_storage
[2019.08.01-16.02.42:897][  0]LogRHI:   GL_ARB_clear_buffer_object
[2019.08.01-16.02.42:897][  0]LogRHI:   GL_ARB_clear_texture
[2019.08.01-16.02.42:897][  0]LogRHI:   GL_ARB_clip_control
[2019.08.01-16.02.42:897][  0]LogRHI:   GL_ARB_compressed_texture_pixel_storage
[2019.08.01-16.02.42:897][  0]LogRHI:   GL_ARB_compute_shader
[2019.08.01-16.02.42:897][  0]LogRHI:   GL_ARB_conditional_render_inverted
[2019.08.01-16.02.42:897][  0]LogRHI:   GL_ARB_conservative_depth
[2019.08.01-16.02.42:897][  0]LogRHI:   GL_ARB_copy_buffer
[2019.08.01-16.02.42:897][  0]LogRHI:   GL_ARB_copy_image
[2019.08.01-16.02.42:897][  0]LogRHI:   GL_ARB_cull_distance
[2019.08.01-16.02.42:897][  0]LogRHI:   GL_ARB_debug_output
[2019.08.01-16.02.42:897][  0]LogRHI:   GL_ARB_depth_buffer_float
[2019.08.01-16.02.42:897][  0]LogRHI:   GL_ARB_depth_clamp
[2019.08.01-16.02.42:897][  0]LogRHI:   GL_ARB_derivative_control
[2019.08.01-16.02.42:897][  0]LogRHI:   GL_ARB_direct_state_access
[2019.08.01-16.02.42:897][  0]LogRHI:   GL_ARB_draw_buffers
[2019.08.01-16.02.42:897][  0]LogRHI:   GL_ARB_draw_buffers_blend
[2019.08.01-16.02.42:897][  0]LogRHI:   GL_ARB_draw_elements_base_vertex
[2019.08.01-16.02.42:897][  0]LogRHI:   GL_ARB_draw_indirect
[2019.08.01-16.02.42:897][  0]LogRHI:   GL_ARB_draw_instanced
[2019.08.01-16.02.42:897][  0]LogRHI:   GL_ARB_enhanced_layouts
[2019.08.01-16.02.42:897][  0]LogRHI:   GL_ARB_explicit_attrib_location
[2019.08.01-16.02.42:898][  0]LogRHI:   GL_ARB_explicit_uniform_location
[2019.08.01-16.02.42:898][  0]LogRHI:   GL_ARB_fragment_coord_conventions
[2019.08.01-16.02.42:898][  0]LogRHI:   GL_ARB_fragment_layer_viewport
[2019.08.01-16.02.42:898][  0]LogRHI:   GL_ARB_fragment_shader
[2019.08.01-16.02.42:898][  0]LogRHI:   GL_ARB_framebuffer_no_attachments
[2019.08.01-16.02.42:898][  0]LogRHI:   GL_ARB_framebuffer_object
[2019.08.01-16.02.42:898][  0]LogRHI:   GL_ARB_framebuffer_sRGB
[2019.08.01-16.02.42:898][  0]LogRHI:   GL_ARB_get_program_binary
[2019.08.01-16.02.42:898][  0]LogRHI:   GL_ARB_get_texture_sub_image
[2019.08.01-16.02.42:898][  0]LogRHI:   GL_ARB_gpu_shader5
[2019.08.01-16.02.42:898][  0]LogRHI:   GL_ARB_gpu_shader_fp64
[2019.08.01-16.02.42:898][  0]LogRHI:   GL_ARB_half_float_pixel
[2019.08.01-16.02.42:898][  0]LogRHI:   GL_ARB_half_float_vertex
[2019.08.01-16.02.42:898][  0]LogRHI:   GL_ARB_instanced_arrays
[2019.08.01-16.02.42:898][  0]LogRHI:   GL_ARB_internalformat_query
[2019.08.01-16.02.42:898][  0]LogRHI:   GL_ARB_internalformat_query2
[2019.08.01-16.02.42:898][  0]LogRHI:   GL_ARB_invalidate_subdata
[2019.08.01-16.02.42:898][  0]LogRHI:   GL_ARB_map_buffer_alignment
[2019.08.01-16.02.42:898][  0]LogRHI:   GL_ARB_map_buffer_range
[2019.08.01-16.02.42:898][  0]LogRHI:   GL_ARB_multi_bind
[2019.08.01-16.02.42:898][  0]LogRHI:   GL_ARB_multi_draw_indirect
[2019.08.01-16.02.42:898][  0]LogRHI:   GL_ARB_occlusion_query2
[2019.08.01-16.02.42:898][  0]LogRHI:   GL_ARB_pipeline_statistics_query
[2019.08.01-16.02.42:898][  0]LogRHI:   GL_ARB_pixel_buffer_object
[2019.08.01-16.02.42:898][  0]LogRHI:   GL_ARB_point_sprite
[2019.08.01-16.02.42:898][  0]LogRHI:   GL_ARB_program_interface_query
[2019.08.01-16.02.42:898][  0]LogRHI:   GL_ARB_provoking_vertex
[2019.08.01-16.02.42:898][  0]LogRHI:   GL_ARB_query_buffer_object
[2019.08.01-16.02.42:898][  0]LogRHI:   GL_ARB_robust_buffer_access_behavior
[2019.08.01-16.02.42:898][  0]LogRHI:   GL_ARB_robustness
[2019.08.01-16.02.42:898][  0]LogRHI:   GL_ARB_sample_shading
[2019.08.01-16.02.42:898][  0]LogRHI:   GL_ARB_sampler_objects
[2019.08.01-16.02.42:898][  0]LogRHI:   GL_ARB_seamless_cube_map
[2019.08.01-16.02.42:898][  0]LogRHI:   GL_ARB_seamless_cubemap_per_texture
[2019.08.01-16.02.42:898][  0]LogRHI:   GL_ARB_separate_shader_objects
[2019.08.01-16.02.42:898][  0]LogRHI:   GL_ARB_shader_atomic_counter_ops
[2019.08.01-16.02.42:898][  0]LogRHI:   GL_ARB_shader_atomic_counters
[2019.08.01-16.02.42:898][  0]LogRHI:   GL_ARB_shader_bit_encoding
[2019.08.01-16.02.42:898][  0]LogRHI:   GL_ARB_shader_clock
[2019.08.01-16.02.42:898][  0]LogRHI:   GL_ARB_shader_draw_parameters
[2019.08.01-16.02.42:898][  0]LogRHI:   GL_ARB_shader_image_load_store
[2019.08.01-16.02.42:898][  0]LogRHI:   GL_ARB_shader_image_size
[2019.08.01-16.02.42:898][  0]LogRHI:   GL_ARB_shader_objects
[2019.08.01-16.02.42:898][  0]LogRHI:   GL_ARB_shader_precision
[2019.08.01-16.02.42:898][  0]LogRHI:   GL_ARB_shader_stencil_export
[2019.08.01-16.02.42:898][  0]LogRHI:   GL_ARB_shader_storage_buffer_object
[2019.08.01-16.02.42:898][  0]LogRHI:   GL_ARB_shader_subroutine
[2019.08.01-16.02.42:898][  0]LogRHI:   GL_ARB_shader_texture_image_samples
[2019.08.01-16.02.42:898][  0]LogRHI:   GL_ARB_shader_texture_lod
[2019.08.01-16.02.42:898][  0]LogRHI:   GL_ARB_shader_viewport_layer_array
[2019.08.01-16.02.42:898][  0]LogRHI:   GL_ARB_shading_language_420pack
[2019.08.01-16.02.42:898][  0]LogRHI:   GL_ARB_shading_language_packing
[2019.08.01-16.02.42:898][  0]LogRHI:   GL_ARB_stencil_texturing
[2019.08.01-16.02.42:898][  0]LogRHI:   GL_ARB_sync
[2019.08.01-16.02.42:898][  0]LogRHI:   GL_ARB_tessellation_shader
[2019.08.01-16.02.42:898][  0]LogRHI:   GL_ARB_texture_barrier
[2019.08.01-16.02.42:898][  0]LogRHI:   GL_ARB_texture_buffer_object
[2019.08.01-16.02.42:898][  0]LogRHI:   GL_ARB_texture_buffer_object_rgb32
[2019.08.01-16.02.42:898][  0]LogRHI:   GL_ARB_texture_buffer_range
[2019.08.01-16.02.42:898][  0]LogRHI:   GL_ARB_texture_compression_bptc
[2019.08.01-16.02.42:898][  0]LogRHI:   GL_ARB_texture_compression_rgtc
[2019.08.01-16.02.42:898][  0]LogRHI:   GL_ARB_texture_cube_map_array
[2019.08.01-16.02.42:898][  0]LogRHI:   GL_ARB_texture_float
[2019.08.01-16.02.42:898][  0]LogRHI:   GL_ARB_texture_gather
[2019.08.01-16.02.42:898][  0]LogRHI:   GL_ARB_texture_mirror_clamp_to_edge
[2019.08.01-16.02.42:898][  0]LogRHI:   GL_ARB_texture_multisample
[2019.08.01-16.02.42:898][  0]LogRHI:   GL_ARB_texture_non_power_of_two
[2019.08.01-16.02.42:898][  0]LogRHI:   GL_ARB_texture_query_levels
[2019.08.01-16.02.42:898][  0]LogRHI:   GL_ARB_texture_query_lod
[2019.08.01-16.02.42:898][  0]LogRHI:   GL_ARB_texture_rectangle
[2019.08.01-16.02.42:898][  0]LogRHI:   GL_ARB_texture_rg
[2019.08.01-16.02.42:898][  0]LogRHI:   GL_ARB_texture_rgb10_a2ui
[2019.08.01-16.02.42:898][  0]LogRHI:   GL_ARB_texture_stencil8
[2019.08.01-16.02.42:898][  0]LogRHI:   GL_ARB_texture_storage
[2019.08.01-16.02.42:898][  0]LogRHI:   GL_ARB_texture_storage_multisample
[2019.08.01-16.02.42:898][  0]LogRHI:   GL_ARB_texture_swizzle
[2019.08.01-16.02.42:898][  0]LogRHI:   GL_ARB_texture_view
[2019.08.01-16.02.42:898][  0]LogRHI:   GL_ARB_timer_query
[2019.08.01-16.02.42:898][  0]LogRHI:   GL_ARB_transform_feedback2
[2019.08.01-16.02.42:898][  0]LogRHI:   GL_ARB_transform_feedback3
[2019.08.01-16.02.42:898][  0]LogRHI:   GL_ARB_transform_feedback_instanced
[2019.08.01-16.02.42:898][  0]LogRHI:   GL_ARB_uniform_buffer_object
[2019.08.01-16.02.42:898][  0]LogRHI:   GL_ARB_vertex_array_bgra
[2019.08.01-16.02.42:898][  0]LogRHI:   GL_ARB_vertex_array_object
[2019.08.01-16.02.42:898][  0]LogRHI:   GL_ARB_vertex_attrib_64bit
[2019.08.01-16.02.42:898][  0]LogRHI:   GL_ARB_vertex_attrib_binding
[2019.08.01-16.02.42:898][  0]LogRHI:   GL_ARB_vertex_shader
[2019.08.01-16.02.42:898][  0]LogRHI:   GL_ARB_vertex_type_10f_11f_11f_rev
[2019.08.01-16.02.42:898][  0]LogRHI:   GL_ARB_vertex_type_2_10_10_10_rev
[2019.08.01-16.02.42:898][  0]LogRHI:   GL_ARB_viewport_array
[2019.08.01-16.02.42:898][  0]LogRHI:   GL_ATI_blend_equation_separate
[2019.08.01-16.02.42:898][  0]LogRHI:   GL_ATI_texture_float
[2019.08.01-16.02.42:898][  0]LogRHI:   GL_EXT_abgr
[2019.08.01-16.02.42:898][  0]LogRHI:   GL_EXT_blend_equation_separate
[2019.08.01-16.02.42:898][  0]LogRHI:   GL_EXT_draw_buffers2
[2019.08.01-16.02.42:898][  0]LogRHI:   GL_EXT_draw_instanced
[2019.08.01-16.02.42:898][  0]LogRHI:   GL_EXT_framebuffer_blit
[2019.08.01-16.02.42:898][  0]LogRHI:   GL_EXT_framebuffer_multisample
[2019.08.01-16.02.42:898][  0]LogRHI:   GL_EXT_framebuffer_multisample_blit_scaled
[2019.08.01-16.02.42:898][  0]LogRHI:   GL_EXT_framebuffer_sRGB
[2019.08.01-16.02.42:898][  0]LogRHI:   GL_EXT_packed_depth_stencil
[2019.08.01-16.02.42:898][  0]LogRHI:   GL_EXT_packed_float
[2019.08.01-16.02.42:898][  0]LogRHI:   GL_EXT_pixel_buffer_object
[2019.08.01-16.02.42:898][  0]LogRHI:   GL_EXT_polygon_offset_clamp
[2019.08.01-16.02.42:898][  0]LogRHI:   GL_EXT_provoking_vertex
[2019.08.01-16.02.42:898][  0]LogRHI:   GL_EXT_shader_integer_mix
[2019.08.01-16.02.42:898][  0]LogRHI:   GL_EXT_shader_samples_identical
[2019.08.01-16.02.42:898][  0]LogRHI:   GL_EXT_texture_array
[2019.08.01-16.02.42:899][  0]LogRHI:   GL_EXT_texture_compression_dxt1
[2019.08.01-16.02.42:899][  0]LogRHI:   GL_EXT_texture_compression_rgtc
[2019.08.01-16.02.42:899][  0]LogRHI:   GL_EXT_texture_compression_s3tc
[2019.08.01-16.02.42:899][  0]LogRHI:   GL_EXT_texture_filter_anisotropic
[2019.08.01-16.02.42:899][  0]LogRHI:   GL_EXT_texture_integer
[2019.08.01-16.02.42:899][  0]LogRHI:   GL_EXT_texture_sRGB
[2019.08.01-16.02.42:899][  0]LogRHI:   GL_EXT_texture_sRGB_decode
[2019.08.01-16.02.42:899][  0]LogRHI:   GL_EXT_texture_shared_exponent
[2019.08.01-16.02.42:899][  0]LogRHI:   GL_EXT_texture_snorm
[2019.08.01-16.02.42:899][  0]LogRHI:   GL_EXT_texture_swizzle
[2019.08.01-16.02.42:899][  0]LogRHI:   GL_EXT_timer_query
[2019.08.01-16.02.42:899][  0]LogRHI:   GL_EXT_transform_feedback
[2019.08.01-16.02.42:899][  0]LogRHI:   GL_EXT_vertex_array_bgra
[2019.08.01-16.02.42:899][  0]LogRHI:   GL_IBM_multimode_draw_arrays
[2019.08.01-16.02.42:899][  0]LogRHI:   GL_KHR_blend_equation_advanced
[2019.08.01-16.02.42:899][  0]LogRHI:   GL_KHR_blend_equation_advanced_coherent
[2019.08.01-16.02.42:899][  0]LogRHI:   GL_KHR_context_flush_control
[2019.08.01-16.02.42:899][  0]LogRHI:   GL_KHR_debug
[2019.08.01-16.02.42:899][  0]LogRHI:   GL_KHR_robust_buffer_access_behavior
[2019.08.01-16.02.42:899][  0]LogRHI:   GL_KHR_robustness
[2019.08.01-16.02.42:899][  0]LogRHI:   GL_KHR_texture_compression_astc_ldr
[2019.08.01-16.02.42:899][  0]LogRHI:   GL_KHR_texture_compression_astc_sliced_3d
[2019.08.01-16.02.42:899][  0]LogRHI:   GL_MESA_pack_invert
[2019.08.01-16.02.42:899][  0]LogRHI:   GL_MESA_shader_integer_functions
[2019.08.01-16.02.42:899][  0]LogRHI:   GL_MESA_texture_signed_rgba
[2019.08.01-16.02.42:899][  0]LogRHI:   GL_NV_conditional_render
[2019.08.01-16.02.42:899][  0]LogRHI:   GL_NV_depth_clamp
[2019.08.01-16.02.42:899][  0]LogRHI:   GL_NV_packed_depth_stencil
[2019.08.01-16.02.42:899][  0]LogRHI:   GL_NV_texture_barrier
[2019.08.01-16.02.42:899][  0]LogRHI:   GL_OES_EGL_image
[2019.08.01-16.02.42:899][  0]LogRHI:   GL_S3_s3tc
[2019.08.01-16.02.42:901][  0]LogRHI:   GL_MAX_TEXTURE_SIZE: 8192
[2019.08.01-16.02.42:901][  0]LogRHI:   GL_MAX_CUBE_MAP_TEXTURE_SIZE: 8192
[2019.08.01-16.02.42:901][  0]LogRHI:   GL_MAX_ARRAY_TEXTURE_LAYERS: 2048
[2019.08.01-16.02.42:901][  0]LogRHI:   GL_MAX_3D_TEXTURE_SIZE: 2048
[2019.08.01-16.02.42:901][  0]LogRHI:   GL_MAX_RENDERBUFFER_SIZE: 8192
[2019.08.01-16.02.42:901][  0]LogRHI:   GL_MAX_TEXTURE_IMAGE_UNITS: 32
[2019.08.01-16.02.42:901][  0]LogRHI:   GL_MAX_DRAW_BUFFERS: 8
[2019.08.01-16.02.42:901][  0]LogRHI:   GL_MAX_COLOR_ATTACHMENTS: 8
[2019.08.01-16.02.42:901][  0]LogRHI:   GL_MAX_SAMPLES: 16
[2019.08.01-16.02.42:901][  0]LogRHI:   GL_MAX_COLOR_TEXTURE_SAMPLES: 16
[2019.08.01-16.02.42:901][  0]LogRHI:   GL_MAX_DEPTH_TEXTURE_SAMPLES: 16
[2019.08.01-16.02.42:901][  0]LogRHI:   GL_MAX_INTEGER_SAMPLES: 16
[2019.08.01-16.02.42:901][  0]LogRHI:   GL_MAX_COMBINED_TEXTURE_IMAGE_UNITS: 192
[2019.08.01-16.02.42:901][  0]LogRHI:   GL_MAX_VERTEX_ATTRIBS: 16
[2019.08.01-16.02.42:901][  0]LogRHI:   GL_MAX_TEXTURE_MAX_ANISOTROPY_EXT: 16
[2019.08.01-16.02.42:901][  0]LogRHI: OpenGL MajorVersion = 4, MinorVersion = 5, ShaderPlatform = GLSL_430, FeatureLevel = SM5
[2019.08.01-16.02.42:901][  0]LogRHI: FOpenGLProgramBinaryCache disabled by r.ProgramBinaryCache.Enable=0
[2019.08.01-16.02.42:910][  0]LogRendererCore: FGlobalReadBuffer::InitRHI
[2019.08.01-16.02.42:911][  0]LogRendererCore: FGlobalReadBuffer::InitRHI
[2019.08.01-16.02.42:911][  0]LogRendererCore: FGlobalReadBuffer::InitRHI
[2019.08.01-16.02.43:570][  0]LogTemp: Display: Module 'AllDesktopTargetPlatform' loaded TargetPlatform 'AllDesktop'
[2019.08.01-16.02.43:697][  0]LogTemp: Display: Module 'HTML5TargetPlatform' loaded TargetPlatform 'HTML5'
[2019.08.01-16.02.43:878][  0]LogTemp: Display: Module 'AndroidTargetPlatform' loaded TargetPlatform 'Android'
[2019.08.01-16.02.43:878][  0]LogTemp: Display: Module 'AndroidTargetPlatform' loaded TargetPlatform 'Android_ASTC'
[2019.08.01-16.02.43:879][  0]LogTemp: Display: Module 'AndroidTargetPlatform' loaded TargetPlatform 'Android_ATC'
[2019.08.01-16.02.43:879][  0]LogTemp: Display: Module 'AndroidTargetPlatform' loaded TargetPlatform 'Android_DXT'
[2019.08.01-16.02.43:879][  0]LogTemp: Display: Module 'AndroidTargetPlatform' loaded TargetPlatform 'Android_ETC1'
[2019.08.01-16.02.43:879][  0]LogTemp: Display: Module 'AndroidTargetPlatform' loaded TargetPlatform 'Android_ETC1a'
[2019.08.01-16.02.43:879][  0]LogTemp: Display: Module 'AndroidTargetPlatform' loaded TargetPlatform 'Android_ETC2'
[2019.08.01-16.02.43:879][  0]LogTemp: Display: Module 'AndroidTargetPlatform' loaded TargetPlatform 'Android_PVRTC'
[2019.08.01-16.02.43:879][  0]LogTemp: Display: Module 'AndroidTargetPlatform' loaded TargetPlatform 'AndroidClient'
[2019.08.01-16.02.43:879][  0]LogTemp: Display: Module 'AndroidTargetPlatform' loaded TargetPlatform 'Android_ASTCClient'
[2019.08.01-16.02.43:879][  0]LogTemp: Display: Module 'AndroidTargetPlatform' loaded TargetPlatform 'Android_ATCClient'
[2019.08.01-16.02.43:879][  0]LogTemp: Display: Module 'AndroidTargetPlatform' loaded TargetPlatform 'Android_DXTClient'
[2019.08.01-16.02.43:879][  0]LogTemp: Display: Module 'AndroidTargetPlatform' loaded TargetPlatform 'Android_ETC1Client'
[2019.08.01-16.02.43:879][  0]LogTemp: Display: Module 'AndroidTargetPlatform' loaded TargetPlatform 'Android_ETC1aClient'
[2019.08.01-16.02.43:879][  0]LogTemp: Display: Module 'AndroidTargetPlatform' loaded TargetPlatform 'Android_ETC2Client'
[2019.08.01-16.02.43:879][  0]LogTemp: Display: Module 'AndroidTargetPlatform' loaded TargetPlatform 'Android_PVRTCClient'
[2019.08.01-16.02.43:879][  0]LogTemp: Display: Module 'AndroidTargetPlatform' loaded TargetPlatform 'Android_Multi'
[2019.08.01-16.02.43:879][  0]LogTemp: Display: Module 'AndroidTargetPlatform' loaded TargetPlatform 'Android_MultiClient'
[2019.08.01-16.02.44:014][  0]LogTemp: Display: Module 'LinuxClientTargetPlatform' loaded TargetPlatform 'LinuxClient'
[2019.08.01-16.02.44:160][  0]LogTemp: Display: Module 'LinuxNoEditorTargetPlatform' loaded TargetPlatform 'LinuxNoEditor'
[2019.08.01-16.02.44:292][  0]LogTemp: Display: Module 'LinuxServerTargetPlatform' loaded TargetPlatform 'LinuxServer'
[2019.08.01-16.02.44:434][  0]LogTemp: Display: Module 'LinuxTargetPlatform' loaded TargetPlatform 'Linux'
[2019.08.01-16.02.44:441][  0]LogTargetPlatformManager: Display: Building Assets For Linux
[2019.08.01-16.02.44:851][  0]LogShaderCompilers: Guid format shader working directory is 15 characters bigger than the processId version (../../../../../../MisCursos/MiDiosGitHub/VeranoTecnologico/UE4_Verano_tecnologico 4.22/Intermediate/Shaders/WorkingDirectory/6633/).
[2019.08.01-16.02.44:851][  0]LogShaderCompilers: Cleaned the shader compiler working directory '../../../../../../MisCursos/MiDiosGitHub/VeranoTecnologico/UE4_Verano_tecnologico 4.22/Intermediate/Shaders/tmp/0004739908D7166FC7FAF3A2C000F39A/'.
[2019.08.01-16.02.44:851][  0]LogShaderCompilers: Display: Using Local Shader Compiler.
[2019.08.01-16.02.46:033][  0]LogDerivedDataCache: Display: Max Cache Size: 512 MB
[2019.08.01-16.02.46:100][  0]LogDerivedDataCache: Loaded boot cache 0.07s 70MB ../../../../../../MisCursos/MiDiosGitHub/VeranoTecnologico/UE4_Verano_tecnologico 4.22/DerivedDataCache/Boot.ddc.
[2019.08.01-16.02.46:100][  0]LogDerivedDataCache: Display: Loaded Boot cache: ../../../../../../MisCursos/MiDiosGitHub/VeranoTecnologico/UE4_Verano_tecnologico 4.22/DerivedDataCache/Boot.ddc
[2019.08.01-16.02.46:100][  0]LogDerivedDataCache: FDerivedDataBackendGraph:  Pak pak cache file ../../../../../../MisCursos/MiDiosGitHub/VeranoTecnologico/UE4_Verano_tecnologico 4.22/DerivedDataCache/DDC.ddp not found, will not use a pak cache.
[2019.08.01-16.02.46:100][  0]LogDerivedDataCache: Unable to find inner node Pak for hierarchical cache Hierarchy.
[2019.08.01-16.02.46:101][  0]LogDerivedDataCache: FDerivedDataBackendGraph:  EnginePak pak cache file ../../../Engine/DerivedDataCache/DDC.ddp not found, will not use a pak cache.
[2019.08.01-16.02.46:101][  0]LogDerivedDataCache: Unable to find inner node EnginePak for hierarchical cache Hierarchy.
[2019.08.01-16.02.46:102][  0]LogDerivedDataCache: Using Local data cache path ../../../Engine/DerivedDataCache: Writable
[2019.08.01-16.02.46:102][  0]LogDerivedDataCache: Shared data cache path not found in *engine.ini, will not use an Shared cache.
[2019.08.01-16.02.46:102][  0]LogDerivedDataCache: Unable to find inner node Shared for hierarchical cache Hierarchy.
[2019.08.01-16.02.46:136][  0]LogMaterial: Verifying Global Shaders for GLSL_430
[2019.08.01-16.02.46:146][  0]LogSlate: Using FreeType 2.6.0
[2019.08.01-16.02.46:147][  0]LogSlate: SlateFontServices - WITH_FREETYPE: 1, WITH_HARFBUZZ: 0
[2019.08.01-16.02.46:249][  0]LogAssetRegistry: FAssetRegistry took 0.0033 seconds to start up
[2019.08.01-16.02.46:591][  0]LogLinux: Selected Device Profile: [Linux]
[2019.08.01-16.02.47:406][  0]LogMeshReduction: Using QuadricMeshReduction for automatic static mesh reduction
[2019.08.01-16.02.47:406][  0]LogMeshReduction: Using SimplygonMeshReduction for automatic skeletal mesh reduction
[2019.08.01-16.02.47:406][  0]LogMeshReduction: No automatic mesh merging module available
[2019.08.01-16.02.47:406][  0]LogMeshReduction: No distributed automatic mesh merging module available
[2019.08.01-16.02.47:406][  0]LogMeshMerging: No automatic mesh merging module available
[2019.08.01-16.02.47:406][  0]LogMeshMerging: No distributed automatic mesh merging module available
[2019.08.01-16.02.47:425][  0]LogNetVersion: Verano_tecnologico 1.0.0, NetCL: 0, EngineNetVer: 10, GameNetVer: 0 (Checksum: 3055326385)
[2019.08.01-16.02.47:945][  0]LogPackageLocalizationCache: Processed 10 localized package path(s) for 1 prioritized culture(s) in 0.021523 seconds
[2019.08.01-16.02.47:952][  0]LogUObjectArray: 41533 objects as part of root set at end of initial load.
[2019.08.01-16.02.47:952][  0]LogUObjectAllocator: 7197240 out of 0 bytes used by permanent object pool.
[2019.08.01-16.02.47:952][  0]LogUObjectArray: CloseDisregardForGC: 0/0 objects in disregard for GC pool
[2019.08.01-16.02.48:202][  0]LogHAL: Linux SourceCodeAccessSettings: NullSourceCodeAccessor
[2019.08.01-16.02.51:957][  0]LogUdpMessaging: Initializing bridge on interface 0.0.0.0:0 to multicast group 230.0.0.1:6666.
[2019.08.01-16.02.51:960][  0]LogTcpMessaging: Initializing TcpMessaging bridge
[2019.08.01-16.02.59:002][  0]SourceControl: El control de código fuente está desactivado
[2019.08.01-16.02.59:002][  0]SourceControl: El control de código fuente está desactivado
[2019.08.01-16.02.59:154][  0]SourceControl: El control de código fuente está desactivado
[2019.08.01-16.03.00:035][  0]SourceControl: El control de código fuente está desactivado
[2019.08.01-16.03.01:822][  0]LogAndroidPermission: UAndroidPermissionCallbackProxy::GetInstance
[2019.08.01-16.03.02:825][  0]LogEngine: Initializing Engine...
[2019.08.01-16.03.02:825][  0]LogHMD: Failed to initialize OpenVR with code 110
[2019.08.01-16.03.02:827][  0]LogStats: UGameplayTagsManager::InitializeManager -  0.000 s
[2019.08.01-16.03.03:151][  0]LogInit: Initializing FReadOnlyCVARCache
[2019.08.01-16.03.03:666][  0]LogAIModule: Creating AISystem for world Untitled
[2019.08.01-16.03.03:677][  0]LogAudioMixer: Display: Audio Mixer Platform Settings:
[2019.08.01-16.03.03:677][  0]LogAudioMixer: Display: 	Sample Rate:						  48000
[2019.08.01-16.03.03:677][  0]LogAudioMixer: Display: 	Callback Buffer Frame Size Requested: 1024
[2019.08.01-16.03.03:677][  0]LogAudioMixer: Display: 	Callback Buffer Frame Size To Use:	  1024
[2019.08.01-16.03.03:677][  0]LogAudioMixer: Display: 	Number of buffers to queue:			  2
[2019.08.01-16.03.03:677][  0]LogAudioMixer: Display: 	Max Channels (voices):				  0
[2019.08.01-16.03.03:677][  0]LogAudioMixer: Display: 	Number of Async Source Workers:		  0
[2019.08.01-16.03.03:677][  0]LogAudioMixer: Display: Initializing audio mixer.
[2019.08.01-16.03.03:692][  0]LogAudioMixerSDL: Display: Initialized SDL using pulseaudio platform API backend.
[2019.08.01-16.03.03:774][  0]LogInit: FAudioDevice initialized.
[2019.08.01-16.03.03:775][  0]LogNetVersion: Set ProjectVersion to 1.0.0.0. Version Checksum will be recalculated on next use.
[2019.08.01-16.03.03:856][  0]LogDerivedDataCache: Saved boot cache 0.08s 85MB ../../../../../../MisCursos/MiDiosGitHub/VeranoTecnologico/UE4_Verano_tecnologico 4.22/DerivedDataCache/Boot.ddc.
[2019.08.01-16.03.03:871][  0]LogInit: Texture streaming: Enabled
[2019.08.01-16.03.15:317][  0]LogEngineSessionManager: EngineSessionManager initialized
[2019.08.01-16.03.15:873][  0]LogInit: Transaction tracking system initialized
[2019.08.01-16.03.16:632][  0]BlueprintLog: New page: Cargar el editor
[2019.08.01-16.03.18:945][  0]LocalizationService: Localization service is disabled
[2019.08.01-16.03.20:574][  0]LogFileCache: Scanning file cache for directory '/home/jorge/MisCursos/MiDiosGitHub/VeranoTecnologico/UE4_Verano_tecnologico 4.22/Content/' took 0.00s
[2019.08.01-16.03.20:574][  0]LogCook: Display: Max memory allowance for cook 16384mb min free memory 0mb
[2019.08.01-16.03.20:574][  0]LogCook: Display: Mobile HDR setting 1
[2019.08.01-16.03.23:689][  0]SourceControl: El control de código fuente está desactivado
[2019.08.01-16.03.23:689][  0]Cmd: MAP LOAD FILE="../../../../../../MisCursos/MiDiosGitHub/VeranoTecnologico/UE4_Verano_tecnologico 4.22/Content/StarterContent/Maps/Minimal_Default.umap" TEMPLATE=0 SHOWPROGRESS=1 FEATURELEVEL=3
[2019.08.01-16.03.23:698][  0]LightingResults: New page: Diseñar la iluminación
[2019.08.01-16.03.23:780][  0]MapCheck: New page: Revisión del mapa
[2019.08.01-16.03.23:780][  0]LightingResults: New page: Diseñar la iluminación
[2019.08.01-16.03.23:808][  0]LogUObjectHash: Compacting FUObjectHashTables data took   3.04ms
[2019.08.01-16.03.23:973][  0]LogAIModule: Creating AISystem for world Minimal_Default
[2019.08.01-16.03.23:979][  0]LogEditorServer: Finished looking for orphan Actors (0.000 secs)
[2019.08.01-16.03.24:093][  0]LogUObjectHash: Compacting FUObjectHashTables data took   2.56ms
[2019.08.01-16.03.24:102][  0]Cmd: MAP CHECKDEP NOCLEARLOG
[2019.08.01-16.03.24:102][  0]MapCheck: Map check complete: 0 Error(s), 0 Warning(s), took 0,175ms to complete.
[2019.08.01-16.03.24:102][  0]LogFileHelpers: Loading map 'Minimal_Default' took 0.413
[2019.08.01-16.03.24:110][  0]LogLinux: Scale at X=0.000000, Y=27.000000: 1.000000 (monitor=#0, HDPI=96.000000 (horz scale: 1.000000), VDPI=96.000000 (vert scale: 1.000000))
[2019.08.01-16.03.24:110][  0]LogLinux: Scale at X=960.000000, Y=553.500000: 1.000000 (monitor=#0, HDPI=96.000000 (horz scale: 1.000000), VDPI=96.000000 (vert scale: 1.000000))
[2019.08.01-16.03.24:124][  0]LogLinux: Scale at X=0.000000, Y=27.000000: 1.000000 (monitor=#0, HDPI=96.000000 (horz scale: 1.000000), VDPI=96.000000 (vert scale: 1.000000))
[2019.08.01-16.03.24:152][  0]LogSlate: Updating window title bar state: overlay mode, drag disabled, window buttons hidden, title bar hidden
[2019.08.01-16.03.24:163][  0]LogSlate: Updating window title bar state: overlay mode, drag disabled, window buttons hidden, title bar hidden
[2019.08.01-16.03.24:171][  0]LogSlate: Updating window title bar state: overlay mode, drag disabled, window buttons hidden, title bar hidden
[2019.08.01-16.03.24:180][  0]LogSlate: Updating window title bar state: overlay mode, drag disabled, window buttons hidden, title bar hidden
[2019.08.01-16.03.24:188][  0]LogCollectionManager: Loaded 0 collections in 0.002130 seconds
[2019.08.01-16.03.24:201][  0]LogFileCache: Scanning file cache for directory '/home/jorge/MisCursos/MiDiosGitHub/VeranoTecnologico/UE4_Verano_tecnologico 4.22/Saved/Collections/' took 0.00s
[2019.08.01-16.03.24:201][  0]LogFileCache: Scanning file cache for directory '/home/jorge/MisCursos/MiDiosGitHub/VeranoTecnologico/UE4_Verano_tecnologico 4.22/Content/Developers/jorge/Collections/' took 0.00s
[2019.08.01-16.03.24:201][  0]LogFileCache: Scanning file cache for directory '/home/jorge/MisCursos/MiDiosGitHub/VeranoTecnologico/UE4_Verano_tecnologico 4.22/Content/Collections/' took 0.00s
[2019.08.01-16.03.24:201][  0]LogContentBrowser: Native class hierarchy populated in 0.0097 seconds. Added 2688 classes and 617 folders.
[2019.08.01-16.03.24:203][  0]LogCollectionManager: Rebuilt the GUID cache for 0 collections in 0.000000 seconds
[2019.08.01-16.03.24:434][  0]LogContentBrowser: Native class hierarchy updated for 'WidgetCarousel' in 0.0004 seconds. Added 0 classes and 0 folders.
[2019.08.01-16.03.24:436][  0]LogPakFile: Registered encryption key '00000000000000000000000000000000': 0 pak files mounted, 0 remain pending
[2019.08.01-16.03.24:437][  0]LogPakFile: Registered encryption key '00000000000000000000000000000000': 0 pak files mounted, 0 remain pending
[2019.08.01-16.03.24:437][  0]LogPakFile: Registered encryption key '00000000000000000000000000000000': 0 pak files mounted, 0 remain pending
[2019.08.01-16.03.24:437][  0]LogPakFile: Registered encryption key '00000000000000000000000000000000': 0 pak files mounted, 0 remain pending
[2019.08.01-16.03.24:437][  0]LogPakFile: Registered encryption key '00000000000000000000000000000000': 0 pak files mounted, 0 remain pending
[2019.08.01-16.03.24:437][  0]LogPakFile: Registered encryption key '00000000000000000000000000000000': 0 pak files mounted, 0 remain pending
[2019.08.01-16.03.24:438][  0]LogPakFile: Registered encryption key '00000000000000000000000000000000': 0 pak files mounted, 0 remain pending
[2019.08.01-16.03.24:438][  0]LogPakFile: Registered encryption key '00000000000000000000000000000000': 0 pak files mounted, 0 remain pending
[2019.08.01-16.03.24:438][  0]LogPakFile: Registered encryption key '00000000000000000000000000000000': 0 pak files mounted, 0 remain pending
[2019.08.01-16.03.24:439][  0]LogPakFile: Registered encryption key '00000000000000000000000000000000': 0 pak files mounted, 0 remain pending
[2019.08.01-16.03.24:439][  0]LogPakFile: Registered encryption key '00000000000000000000000000000000': 0 pak files mounted, 0 remain pending
[2019.08.01-16.03.24:439][  0]LogPakFile: Registered encryption key '00000000000000000000000000000000': 0 pak files mounted, 0 remain pending
[2019.08.01-16.03.24:439][  0]LogPakFile: Registered encryption key '00000000000000000000000000000000': 0 pak files mounted, 0 remain pending
[2019.08.01-16.03.24:440][  0]LogPakFile: Registered encryption key '00000000000000000000000000000000': 0 pak files mounted, 0 remain pending
[2019.08.01-16.03.24:440][  0]LogPakFile: Registered encryption key '00000000000000000000000000000000': 0 pak files mounted, 0 remain pending
[2019.08.01-16.03.24:440][  0]LogPakFile: Registered encryption key '00000000000000000000000000000000': 0 pak files mounted, 0 remain pending
[2019.08.01-16.03.24:440][  0]LogPakFile: Registered encryption key '00000000000000000000000000000000': 0 pak files mounted, 0 remain pending
[2019.08.01-16.03.24:441][  0]LogPakFile: Registered encryption key '00000000000000000000000000000000': 0 pak files mounted, 0 remain pending
[2019.08.01-16.03.24:441][  0]LogPakFile: Registered encryption key '00000000000000000000000000000000': 0 pak files mounted, 0 remain pending
[2019.08.01-16.03.24:441][  0]LogPakFile: Registered encryption key '00000000000000000000000000000000': 0 pak files mounted, 0 remain pending
[2019.08.01-16.03.24:441][  0]LogPakFile: Registered encryption key '00000000000000000000000000000000': 0 pak files mounted, 0 remain pending
[2019.08.01-16.03.24:442][  0]LogPakFile: Registered encryption key '00000000000000000000000000000000': 0 pak files mounted, 0 remain pending
[2019.08.01-16.03.24:442][  0]LogPakFile: Registered encryption key '00000000000000000000000000000000': 0 pak files mounted, 0 remain pending
[2019.08.01-16.03.24:442][  0]LogPakFile: Registered encryption key '00000000000000000000000000000000': 0 pak files mounted, 0 remain pending
[2019.08.01-16.03.24:442][  0]LogPakFile: Registered encryption key '00000000000000000000000000000000': 0 pak files mounted, 0 remain pending
[2019.08.01-16.03.24:443][  0]LogPakFile: Registered encryption key '00000000000000000000000000000000': 0 pak files mounted, 0 remain pending
[2019.08.01-16.03.24:453][  0]LogContentBrowser: Native class hierarchy updated for 'AddContentDialog' in 0.0003 seconds. Added 0 classes and 0 folders.
[2019.08.01-16.03.24:580][  0]LogContentBrowser: Native class hierarchy updated for 'SceneOutliner' in 0.0003 seconds. Added 1 classes and 2 folders.
[2019.08.01-16.03.24:610][  0]LogLinux: Scale at X=455.000000, Y=235.000000: 1.000000 (monitor=#0, HDPI=96.000000 (horz scale: 1.000000), VDPI=96.000000 (vert scale: 1.000000))
[2019.08.01-16.03.24:610][  0]LogLinux: Scale at X=960.000000, Y=540.000000: 1.000000 (monitor=#0, HDPI=96.000000 (horz scale: 1.000000), VDPI=96.000000 (vert scale: 1.000000))
[2019.08.01-16.03.24:637][  0]LogLinux: Scale at X=455.000000, Y=235.000000: 1.000000 (monitor=#0, HDPI=96.000000 (horz scale: 1.000000), VDPI=96.000000 (vert scale: 1.000000))
[2019.08.01-16.03.24:637][  0]LogSlate: Window 'Tutoriales' being destroyed
[2019.08.01-16.03.24:751][  0]LogContentBrowser: Native class hierarchy updated for 'HierarchicalLODOutliner' in 0.0004 seconds. Added 0 classes and 0 folders.
[2019.08.01-16.03.24:751][  0]LogLoad: (Engine Initialization) Total time: 45.71 seconds
[2019.08.01-16.03.24:751][  0]LogLoad: (Engine Initialization) Total Blueprint compile time: 0.00 seconds
[2019.08.01-16.03.24:763][  0]LogRHI: Using OpenGL program LRU cache: 0
[2019.08.01-16.03.24:763][  0]LogSlate: Took 0.000117 seconds to synchronously load lazily loaded font '../../../Engine/Content/Slate/Fonts/Roboto-Regular.ttf' (155K)
[2019.08.01-16.03.24:767][  0]LogSlate: Took 0.000137 seconds to synchronously load lazily loaded font '../../../Engine/Content/Slate/Fonts/Roboto-Bold.ttf' (160K)
[2019.08.01-16.03.24:776][  0]LogSlate: Took 0.000099 seconds to synchronously load lazily loaded font '../../../Engine/Content/Editor/Slate/Fonts/FontAwesome.ttf' (139K)
[2019.08.01-16.03.26:109][  0]LogInit: Adding external input plugin.
[2019.08.01-16.03.26:157][  0]LogAssetRegistry: Asset discovery search completed in 39.9089 seconds
[2019.08.01-16.03.26:162][  0]LogCollectionManager: Rebuilt the object cache for 0 collections in 0.000000 seconds (found 0 objects)
[2019.08.01-16.03.26:162][  0]LogCollectionManager: Fixed up redirectors for 0 collections in 0.000100 seconds (updated 0 objects)
[2019.08.01-16.03.26:164][  0]LogContentStreaming: Texture pool size now 1000 MB
[2019.08.01-16.03.26:186][  0]LogRenderer: Reallocating scene render targets to support 1208x584 Format 10 NumSamples 1 (Frame:1).
[2019.08.01-16.03.30:594][  0]LogLinux: Setting swap interval to 'Immediate'
[2019.08.01-16.03.30:654][  0]LogSlate: Took 0.000056 seconds to synchronously load lazily loaded font '../../../Engine/Content/Slate/Fonts/Roboto-Light.ttf' (167K)
[2019.08.01-16.03.46:405][262]LogLinux: Scale at X=450.500000, Y=380.500000: 1.000000 (monitor=#0, HDPI=96.000000 (horz scale: 1.000000), VDPI=96.000000 (vert scale: 1.000000))
[2019.08.01-16.03.46:413][262]LogSlate: FSceneViewport::OnFocusLost() reason 0
[2019.08.01-16.03.46:451][264]LogLinux: Setting swap interval to 'Immediate'
[2019.08.01-16.03.47:998][412]LogLinux: Scale at X=450.000000, Y=297.500000: 1.000000 (monitor=#0, HDPI=96.000000 (horz scale: 1.000000), VDPI=96.000000 (vert scale: 1.000000))
[2019.08.01-16.03.48:008][412]LogSlate: FSceneViewport::OnFocusLost() reason 2
[2019.08.01-16.03.48:040][414]LogLinux: Setting swap interval to 'Immediate'
[2019.08.01-16.03.48:372][446]LogLinux: Scale at X=960.000000, Y=540.000000: 1.000000 (monitor=#0, HDPI=96.000000 (horz scale: 1.000000), VDPI=96.000000 (vert scale: 1.000000))
[2019.08.01-16.03.48:406][447]LogLinux: Setting swap interval to 'Immediate'
[2019.08.01-16.03.49:169][509]LogSlate: FSceneViewport::OnFocusLost() reason 0
[2019.08.01-16.03.58:645][707]LogTemp: Repeating last play command: Selected Viewport
[2019.08.01-16.03.58:662][707]LogBlueprintUserMessages: Early PlayInEditor Detection: Level '/Game/StarterContent/Maps/Minimal_Default.Minimal_Default:PersistentLevel' has LevelScriptBlueprint '/Game/StarterContent/Maps/Minimal_Default.Minimal_Default:PersistentLevel.Minimal_Default' with GeneratedClass '/Game/StarterContent/Maps/Minimal_Default.Minimal_Default_C' with ClassGeneratedBy '/Game/StarterContent/Maps/Minimal_Default.Minimal_Default:PersistentLevel.Minimal_Default'
[2019.08.01-16.03.58:662][707]LogPlayLevel: PlayLevel: No blueprints needed recompiling
[2019.08.01-16.03.58:663][707]PIE: New page: Sesión PIE (reproducción en el editor): Minimal_Default (1/8/2019 11:03:58)
[2019.08.01-16.03.58:665][707]LogPlayLevel: Creating play world package: /Game/StarterContent/Maps/UEDPIE_0_Minimal_Default
[2019.08.01-16.03.58:677][707]LogPlayLevel: PIE: StaticDuplicateObject took: (0.010294s)
[2019.08.01-16.03.58:678][707]LogAIModule: Creating AISystem for world Minimal_Default
[2019.08.01-16.03.58:679][707]LogPlayLevel: PIE: World Init took: (0.001234s)
[2019.08.01-16.03.58:679][707]LogPlayLevel: PIE: Created PIE world by copying editor world from /Game/StarterContent/Maps/Minimal_Default.Minimal_Default to /Game/StarterContent/Maps/UEDPIE_0_Minimal_Default.Minimal_Default (0.013409s)
[2019.08.01-16.03.58:727][707]LogUObjectHash: Compacting FUObjectHashTables data took   3.05ms
[2019.08.01-16.03.58:731][707]LogAudioMixer: Display: Audio Mixer Platform Settings:
[2019.08.01-16.03.58:731][707]LogAudioMixer: Display: 	Sample Rate:						  48000
[2019.08.01-16.03.58:731][707]LogAudioMixer: Display: 	Callback Buffer Frame Size Requested: 1024
[2019.08.01-16.03.58:731][707]LogAudioMixer: Display: 	Callback Buffer Frame Size To Use:	  1024
[2019.08.01-16.03.58:731][707]LogAudioMixer: Display: 	Number of buffers to queue:			  2
[2019.08.01-16.03.58:731][707]LogAudioMixer: Display: 	Max Channels (voices):				  0
[2019.08.01-16.03.58:731][707]LogAudioMixer: Display: 	Number of Async Source Workers:		  0
[2019.08.01-16.03.58:732][707]LogAudioMixer: Display: Initializing audio mixer.
[2019.08.01-16.03.58:732][707]LogAudioMixerSDL: Display: Initialized SDL using pulseaudio platform API backend.
[2019.08.01-16.03.58:806][707]LogInit: FAudioDevice initialized.
[2019.08.01-16.03.58:817][707]LogLoad: Game class is 'GameModeBase'
[2019.08.01-16.03.58:825][707]LogWorld: Bringing World /Game/StarterContent/Maps/UEDPIE_0_Minimal_Default.Minimal_Default up for play (max tick rate 0) at 2019.08.01-11.03.58
[2019.08.01-16.03.58:826][707]LogWorld: Bringing up level for play took: 0.003319
[2019.08.01-16.03.59:039][707]LogContentBrowser: Native class hierarchy updated for 'MovieSceneCapture' in 0.0010 seconds. Added 20 classes and 0 folders.
[2019.08.01-16.03.59:042][707]PIE: Tiempo de inicio de la reproducción en el editor para  /Game/StarterContent/Maps/UEDPIE_0_Minimal_Default 0,38
[2019.08.01-16.03.59:042][707]LogBlueprintUserMessages: Late PlayInEditor Detection: Level '/Game/StarterContent/Maps/Minimal_Default.Minimal_Default:PersistentLevel' has LevelScriptBlueprint '/Game/StarterContent/Maps/Minimal_Default.Minimal_Default:PersistentLevel.Minimal_Default' with GeneratedClass '/Game/StarterContent/Maps/Minimal_Default.Minimal_Default_C' with ClassGeneratedBy '/Game/StarterContent/Maps/Minimal_Default.Minimal_Default:PersistentLevel.Minimal_Default'
[2019.08.01-16.04.10:260][919]LogAudioMixer: Display: No commands were queued while flushing the source manager.
[2019.08.01-16.04.10:273][919]LogAudioMixer: Display: Flush succeeded in the source manager command queue (1).
[2019.08.01-16.04.10:294][919]LogAudioMixer: Display: Flush succeeded the source manager command queue (2).
[2019.08.01-16.04.10:294][919]LogBlueprintUserMessages: Early EndPlayMap Detection: Level '/Game/StarterContent/Maps/Minimal_Default.Minimal_Default:PersistentLevel' has LevelScriptBlueprint '/Game/StarterContent/Maps/Minimal_Default.Minimal_Default:PersistentLevel.Minimal_Default' with GeneratedClass '/Game/StarterContent/Maps/Minimal_Default.Minimal_Default_C' with ClassGeneratedBy '/Game/StarterContent/Maps/Minimal_Default.Minimal_Default:PersistentLevel.Minimal_Default'
[2019.08.01-16.04.10:295][919]LogSlate: Updating window title bar state: overlay mode, drag disabled, window buttons hidden, title bar hidden
[2019.08.01-16.04.10:295][919]LogAudioMixer: Display: No commands were queued while flushing the source manager.
[2019.08.01-16.04.10:329][919]LogPlayLevel: Display: Shutting down PIE online subsystems
[2019.08.01-16.04.10:330][919]LogBlueprintUserMessages: Late EndPlayMap Detection: Level '/Game/StarterContent/Maps/Minimal_Default.Minimal_Default:PersistentLevel' has LevelScriptBlueprint '/Game/StarterContent/Maps/Minimal_Default.Minimal_Default:PersistentLevel.Minimal_Default' with GeneratedClass '/Game/StarterContent/Maps/Minimal_Default.Minimal_Default_C' with ClassGeneratedBy '/Game/StarterContent/Maps/Minimal_Default.Minimal_Default:PersistentLevel.Minimal_Default'
[2019.08.01-16.04.10:394][919]LogAudioMixer: Display: No commands were queued while flushing the source manager.
[2019.08.01-16.04.10:423][919]LogSlate: Updating window title bar state: overlay mode, drag disabled, window buttons hidden, title bar hidden
[2019.08.01-16.04.10:428][919]LogUObjectHash: Compacting FUObjectHashTables data took   2.67ms
[2019.08.01-16.04.10:452][920]LogPlayLevel: Display: Destroying online subsystem :Context_2
[2019.08.01-16.04.19:994][109]LogEditorViewport: Clicking on Actor (LMB): PlayerStart (Player Start)
[2019.08.01-16.04.27:195][247]LogEditorViewport: Clicking on Actor (LMB): BP_Sky_Sphere_C (BP_Sky_Sphere)
[2019.08.01-16.04.29:016][279]LogEditorViewport: Clicking on Actor (LMB): BP_Sky_Sphere_C (BP_Sky_Sphere)
[2019.08.01-16.05.03:442][938]LogSlate: FSceneViewport::OnFocusLost() reason 0
[2019.08.01-16.05.19:300][249]LogLinux: Scale at X=764.500000, Y=415.500000: 1.000000 (monitor=#0, HDPI=96.000000 (horz scale: 1.000000), VDPI=96.000000 (vert scale: 1.000000))
[2019.08.01-16.05.19:338][250]LogLinux: Setting swap interval to 'Immediate'
[2019.08.01-16.05.41:171][936]LogLinux: Scale at X=125.500000, Y=357.000000: 1.000000 (monitor=#0, HDPI=96.000000 (horz scale: 1.000000), VDPI=96.000000 (vert scale: 1.000000))
[2019.08.01-16.05.41:209][938]LogLinux: Setting swap interval to 'Immediate'
[2019.08.01-16.05.41:487][958]LogLinux: Scale at X=197.000000, Y=228.000000: 1.000000 (monitor=#0, HDPI=96.000000 (horz scale: 1.000000), VDPI=96.000000 (vert scale: 1.000000))
[2019.08.01-16.05.41:527][960]LogLinux: Setting swap interval to 'Immediate'
[2019.08.01-16.05.42:544][ 11]LogLinux: Scale at X=197.000000, Y=228.000000: 1.000000 (monitor=#0, HDPI=96.000000 (horz scale: 1.000000), VDPI=96.000000 (vert scale: 1.000000))
[2019.08.01-16.05.42:625][ 13]LogLinux: Setting swap interval to 'Immediate'
[2019.08.01-16.05.46:420][288]LogLinux: Scale at X=227.500000, Y=342.500000: 1.000000 (monitor=#0, HDPI=96.000000 (horz scale: 1.000000), VDPI=96.000000 (vert scale: 1.000000))
[2019.08.01-16.05.46:453][290]LogLinux: Setting swap interval to 'Immediate'
[2019.08.01-16.05.47:675][390]LogLinux: Scale at X=197.000000, Y=228.000000: 1.000000 (monitor=#0, HDPI=96.000000 (horz scale: 1.000000), VDPI=96.000000 (vert scale: 1.000000))
[2019.08.01-16.05.47:709][392]LogLinux: Setting swap interval to 'Immediate'
[2019.08.01-16.05.47:851][401]LogLinux: Scale at X=125.500000, Y=357.000000: 1.000000 (monitor=#0, HDPI=96.000000 (horz scale: 1.000000), VDPI=96.000000 (vert scale: 1.000000))
[2019.08.01-16.05.47:887][403]LogLinux: Setting swap interval to 'Immediate'
[2019.08.01-16.05.48:091][418]LogLinux: Scale at X=197.000000, Y=228.000000: 1.000000 (monitor=#0, HDPI=96.000000 (horz scale: 1.000000), VDPI=96.000000 (vert scale: 1.000000))
[2019.08.01-16.05.48:125][420]LogLinux: Setting swap interval to 'Immediate'
[2019.08.01-16.05.48:195][424]LogLinux: Scale at X=227.500000, Y=342.500000: 1.000000 (monitor=#0, HDPI=96.000000 (horz scale: 1.000000), VDPI=96.000000 (vert scale: 1.000000))
[2019.08.01-16.05.48:234][426]LogLinux: Setting swap interval to 'Immediate'
[2019.08.01-16.05.50:226][585]LogLinux: Scale at X=391.500000, Y=135.500000: 1.000000 (monitor=#0, HDPI=96.000000 (horz scale: 1.000000), VDPI=96.000000 (vert scale: 1.000000))
[2019.08.01-16.05.50:247][586]LogLinux: Setting swap interval to 'Immediate'
[2019.08.01-16.05.54:544][887]LogLinux: Scale at X=432.500000, Y=423.500000: 1.000000 (monitor=#0, HDPI=96.000000 (horz scale: 1.000000), VDPI=96.000000 (vert scale: 1.000000))
[2019.08.01-16.05.54:563][888]LogLinux: Setting swap interval to 'Immediate'
[2019.08.01-16.05.55:722][964]LogLinux: Scale at X=441.000000, Y=665.000000: 1.000000 (monitor=#0, HDPI=96.000000 (horz scale: 1.000000), VDPI=96.000000 (vert scale: 1.000000))
[2019.08.01-16.05.55:754][966]LogLinux: Setting swap interval to 'Immediate'
[2019.08.01-16.05.56:457][ 11]LogLinux: Scale at X=125.500000, Y=357.000000: 1.000000 (monitor=#0, HDPI=96.000000 (horz scale: 1.000000), VDPI=96.000000 (vert scale: 1.000000))
[2019.08.01-16.05.56:492][ 13]LogLinux: Setting swap interval to 'Immediate'
[2019.08.01-16.10.40:477][607]LogLinux: Scale at X=0.000000, Y=27.000000: 1.000000 (monitor=#0, HDPI=96.000000 (horz scale: 1.000000), VDPI=96.000000 (vert scale: 1.000000))
[2019.08.01-16.10.40:477][607]LogLinux: Scale at X=960.000000, Y=540.000000: 1.000000 (monitor=#0, HDPI=96.000000 (horz scale: 1.000000), VDPI=96.000000 (vert scale: 1.000000))
[2019.08.01-16.10.40:479][607]LogLinux: Scale at X=960.000000, Y=540.000000: 1.000000 (monitor=#0, HDPI=96.000000 (horz scale: 1.000000), VDPI=96.000000 (vert scale: 1.000000))
[2019.08.01-16.10.40:500][607]LogSlate: Took 0.000119 seconds to synchronously load lazily loaded font '../../../Engine/Content/Slate/Fonts/Roboto-Light.ttf' (167K)
[2019.08.01-16.10.40:521][607]LogAssetEditorManager: Opening Asset editor for Blueprint /Game/Draft/Initial_draft_player_1_Blueprint.Initial_draft_player_1_Blueprint
[2019.08.01-16.10.40:526][607]LogLinux: Setting swap interval to 'Immediate'
[2019.08.01-16.10.40:537][607]LogLinux: Scale at X=0.000000, Y=27.000000: 1.000000 (monitor=#0, HDPI=96.000000 (horz scale: 1.000000), VDPI=96.000000 (vert scale: 1.000000))
[2019.08.01-16.10.40:537][607]LogLinux: Scale at X=331.000000, Y=192.775024: 1.000000 (monitor=#0, HDPI=96.000000 (horz scale: 1.000000), VDPI=96.000000 (vert scale: 1.000000))
[2019.08.01-16.10.40:537][607]LogLinux: Scale at X=960.000000, Y=540.000000: 1.000000 (monitor=#0, HDPI=96.000000 (horz scale: 1.000000), VDPI=96.000000 (vert scale: 1.000000))
[2019.08.01-16.10.41:205][607]LogContentBrowser: Native class hierarchy updated for 'BlueprintGraph' in 0.0011 seconds. Added 121 classes and 0 folders.
[2019.08.01-16.10.42:114][607]LogMaterial: Display: Missing cached shader map for material GridMaterial, compiling. 
[2019.08.01-16.10.42:164][607]LogStaticMesh: Generando la malla estática PhAT_FloorBox...
[2019.08.01-16.10.42:285][607]LogBlueprintActionDatabase: Requesting refresh due to module change: MeshBuilder (loaded)
[2019.08.01-16.10.42:286][607]LogStaticMesh: Built static mesh [0.12s] /Engine/EditorMeshes/PhAT_FloorBox.PhAT_FloorBox
[2019.08.01-16.10.42:738][607]LogTexture: Display: Building textures: TilePatine_N (BC5, 512X512)
[2019.08.01-16.10.42:738][607]LogTexture: Display: Building textures: TilePatine_D (AutoDXT, 512X512)
[2019.08.01-16.10.42:738][607]LogMaterial: Display: Missing cached shader map for material PersonaFloorMat, compiling. 
[2019.08.01-16.10.43:885][607]LogSlate: Took 0.000116 seconds to synchronously load lazily loaded font '../../../Engine/Content/Slate/Fonts/Roboto-BoldCondensed.ttf' (158K)
[2019.08.01-16.10.44:044][608]LogSlate: Took 0.000784 seconds to synchronously load lazily loaded font '../../../Engine/Content/Slate/Fonts/Roboto-Italic.ttf' (157K)
[2019.08.01-16.10.44:125][609]LogLinux: Setting swap interval to 'Immediate'
[2019.08.01-16.13.27:503][360]LogLinux: Scale at X=0.000000, Y=27.000000: 1.000000 (monitor=#0, HDPI=96.000000 (horz scale: 1.000000), VDPI=96.000000 (vert scale: 1.000000))
[2019.08.01-16.13.27:504][360]LogLinux: Scale at X=960.000000, Y=540.000000: 1.000000 (monitor=#0, HDPI=96.000000 (horz scale: 1.000000), VDPI=96.000000 (vert scale: 1.000000))
[2019.08.01-16.13.27:504][360]LogLinux: Scale at X=960.000000, Y=540.000000: 1.000000 (monitor=#0, HDPI=96.000000 (horz scale: 1.000000), VDPI=96.000000 (vert scale: 1.000000))
[2019.08.01-16.13.27:654][362]LogLinux: Setting swap interval to 'Immediate'
[2019.08.01-16.17.51:374][841]LogLinux: Scale at X=0.000000, Y=27.000000: 1.000000 (monitor=#0, HDPI=96.000000 (horz scale: 1.000000), VDPI=96.000000 (vert scale: 1.000000))
[2019.08.01-16.17.51:375][841]LogLinux: Scale at X=960.000000, Y=540.000000: 1.000000 (monitor=#0, HDPI=96.000000 (horz scale: 1.000000), VDPI=96.000000 (vert scale: 1.000000))
[2019.08.01-16.17.51:375][841]LogLinux: Scale at X=960.000000, Y=540.000000: 1.000000 (monitor=#0, HDPI=96.000000 (horz scale: 1.000000), VDPI=96.000000 (vert scale: 1.000000))
[2019.08.01-16.17.51:536][845]LogLinux: Setting swap interval to 'Immediate'
